<?xml version="1.0" encoding="UTF-8"?>
<robot generator="Robot 6.1.1 (Python 3.9.7 on win32)" generated="20231205 11:39:18.660" rpa="false" schemaversion="4">
<suite id="s1" name="bookSuites" source="E:\BOOTCAMP\SANBERCODE\MobileAutomation_Kel14\suites\bookSuites.robot">
<test id="s1-t1" name="Book Flight Valid On The Bar Tab One Way" line="13">
<kw name="Open Flight Application" library="base">
<kw name="Open Application" library="AppiumLibrary">
<arg>remote_url=${REMOTE_URL}</arg>
<arg>platformName=${PLATFORM_NAME}</arg>
<arg>platformVersion=${PLATFORM_VERSION}</arg>
<arg>deviceName=${DEVICE_NAME}</arg>
<arg>appPackage=${APP_PACKAGE}</arg>
<arg>appActivity=${APP_ACTIVITY}</arg>
<doc>Opens a new application to given Appium server.
Capabilities of appium server, Android and iOS,
Please check https://github.com/appium/appium/blob/master/docs/en/writing-running-appium/server-args.md
| *Option*            | *Man.* | *Description*     |
| remote_url          | Yes    | Appium server url |
| alias               | no     | alias             |
| strict_ssl          | No     | allows you to send commands to an invalid certificate host like a self-signed one. |</doc>
<status status="PASS" starttime="20231205 11:39:18.940" endtime="20231205 11:39:30.232"/>
</kw>
<status status="PASS" starttime="20231205 11:39:18.940" endtime="20231205 11:39:30.232"/>
</kw>
<kw name="Click Sign In Button On Home Page" library="homePage">
<kw name="Wait Until Element Is Visible" library="AppiumLibrary">
<arg>${log-in-button}</arg>
<doc>Waits until element specified with `locator` is visible.</doc>
<msg timestamp="20231205 11:39:31.546" level="INFO">xpath criteria: //*[@resource-id="com.example.myapplication:id/login"]</msg>
<status status="PASS" starttime="20231205 11:39:30.234" endtime="20231205 11:39:31.547"/>
</kw>
<kw name="Click Element" library="AppiumLibrary">
<arg>${log-in-button}</arg>
<doc>Click element identified by `locator`.</doc>
<msg timestamp="20231205 11:39:31.549" level="INFO">Clicking element '//*[@resource-id="com.example.myapplication:id/login"]'.</msg>
<msg timestamp="20231205 11:39:31.650" level="INFO">xpath criteria: //*[@resource-id="com.example.myapplication:id/login"]</msg>
<status status="PASS" starttime="20231205 11:39:31.547" endtime="20231205 11:39:31.650"/>
</kw>
<status status="PASS" starttime="20231205 11:39:30.233" endtime="20231205 11:39:31.651"/>
</kw>
<kw name="Input Username On Login Page" library="loginPage">
<arg>${VALID_USERNAME}</arg>
<kw name="Wait Until Element Is Visible" library="AppiumLibrary">
<arg>${username-input}</arg>
<doc>Waits until element specified with `locator` is visible.</doc>
<msg timestamp="20231205 11:39:32.503" level="INFO">xpath criteria: //*[@resource-id="com.example.myapplication:id/username"]
xpath criteria: //*[@resource-id="com.example.myapplication:id/username"]</msg>
<status status="PASS" starttime="20231205 11:39:31.653" endtime="20231205 11:39:32.503"/>
</kw>
<kw name="Input Text" library="AppiumLibrary">
<arg>${username-input}</arg>
<arg>${username}</arg>
<doc>Types the given `text` into text field identified by `locator`.</doc>
<msg timestamp="20231205 11:39:32.506" level="INFO">Typing text 'support@ngendigital.com' into text field '//*[@resource-id="com.example.myapplication:id/username"]'</msg>
<msg timestamp="20231205 11:39:32.640" level="INFO">xpath criteria: //*[@resource-id="com.example.myapplication:id/username"]</msg>
<status status="PASS" starttime="20231205 11:39:32.503" endtime="20231205 11:39:32.640"/>
</kw>
<status status="PASS" starttime="20231205 11:39:31.651" endtime="20231205 11:39:32.640"/>
</kw>
<kw name="Input Password On Login Page" library="loginPage">
<arg>${VALID_PASSWORD}</arg>
<kw name="Wait Until Element Is Visible" library="AppiumLibrary">
<arg>${password-input}</arg>
<doc>Waits until element specified with `locator` is visible.</doc>
<msg timestamp="20231205 11:39:33.147" level="INFO">xpath criteria: //*[@resource-id="com.example.myapplication:id/password"]</msg>
<status status="PASS" starttime="20231205 11:39:32.641" endtime="20231205 11:39:33.147"/>
</kw>
<kw name="Input Text" library="AppiumLibrary">
<arg>${password-input}</arg>
<arg>${pasword}</arg>
<doc>Types the given `text` into text field identified by `locator`.</doc>
<msg timestamp="20231205 11:39:33.149" level="INFO">Typing text 'abc123' into text field '//*[@resource-id="com.example.myapplication:id/password"]'</msg>
<msg timestamp="20231205 11:39:33.238" level="INFO">xpath criteria: //*[@resource-id="com.example.myapplication:id/password"]</msg>
<status status="PASS" starttime="20231205 11:39:33.147" endtime="20231205 11:39:33.238"/>
</kw>
<status status="PASS" starttime="20231205 11:39:32.641" endtime="20231205 11:39:33.238"/>
</kw>
<kw name="Click Sign In Button On Login Page" library="loginPage">
<kw name="Click Element" library="AppiumLibrary">
<arg>${sign-in-button}</arg>
<doc>Click element identified by `locator`.</doc>
<msg timestamp="20231205 11:39:33.243" level="INFO">Clicking element '//*[@resource-id="com.example.myapplication:id/signIn"]'.</msg>
<msg timestamp="20231205 11:39:33.870" level="INFO">xpath criteria: //*[@resource-id="com.example.myapplication:id/signIn"]</msg>
<status status="PASS" starttime="20231205 11:39:33.239" endtime="20231205 11:39:33.870"/>
</kw>
<status status="PASS" starttime="20231205 11:39:33.238" endtime="20231205 11:39:33.870"/>
</kw>
<kw name="Click Button Book" library="bookPage">
<kw name="Wait Until Element Is Visible" library="AppiumLibrary">
<arg>${home-page}</arg>
<doc>Waits until element specified with `locator` is visible.</doc>
<msg timestamp="20231205 11:39:34.541" level="INFO">xpath criteria: //*[@resource-id="com.example.myapplication:id/textView"]
xpath criteria: //*[@resource-id="com.example.myapplication:id/textView"]</msg>
<status status="PASS" starttime="20231205 11:39:33.871" endtime="20231205 11:39:34.541"/>
</kw>
<kw name="Click Element" library="AppiumLibrary">
<arg>${button-book}</arg>
<doc>Click element identified by `locator`.</doc>
<msg timestamp="20231205 11:39:34.544" level="INFO">Clicking element '//*[@resource-id="com.example.myapplication:id/book"]'.</msg>
<msg timestamp="20231205 11:39:34.635" level="INFO">xpath criteria: //*[@resource-id="com.example.myapplication:id/book"]</msg>
<status status="PASS" starttime="20231205 11:39:34.541" endtime="20231205 11:39:34.635"/>
</kw>
<status status="PASS" starttime="20231205 11:39:33.870" endtime="20231205 11:39:34.635"/>
</kw>
<kw name="Select Bar Tab One Way" library="bookPage">
<kw name="Wait Until Element Is Visible" library="AppiumLibrary">
<arg>${bar-tab-one-way}</arg>
<doc>Waits until element specified with `locator` is visible.</doc>
<msg timestamp="20231205 11:39:35.560" level="INFO">xpath criteria: //*[@content-desc="One Way"]
xpath criteria: //*[@content-desc="One Way"]</msg>
<status status="PASS" starttime="20231205 11:39:34.636" endtime="20231205 11:39:35.560"/>
</kw>
<kw name="Click Element" library="AppiumLibrary">
<arg>${bar-tab-one-way}</arg>
<doc>Click element identified by `locator`.</doc>
<msg timestamp="20231205 11:39:35.563" level="INFO">Clicking element '//*[@content-desc="One Way"]'.</msg>
<msg timestamp="20231205 11:39:35.689" level="INFO">xpath criteria: //*[@content-desc="One Way"]</msg>
<status status="PASS" starttime="20231205 11:39:35.560" endtime="20231205 11:39:35.689"/>
</kw>
<status status="PASS" starttime="20231205 11:39:34.636" endtime="20231205 11:39:35.689"/>
</kw>
<kw name="Select From City" library="bookPage">
<kw name="Wait Until Element Is Visible" library="AppiumLibrary">
<arg>${from-city}</arg>
<doc>Waits until element specified with `locator` is visible.</doc>
<msg timestamp="20231205 11:39:36.243" level="INFO">xpath criteria: //*[@resource-id="com.example.myapplication:id/spinnerFrom"]</msg>
<status status="PASS" starttime="20231205 11:39:35.690" endtime="20231205 11:39:36.243"/>
</kw>
<kw name="Click Element" library="AppiumLibrary">
<arg>${from-city}</arg>
<doc>Click element identified by `locator`.</doc>
<msg timestamp="20231205 11:39:36.245" level="INFO">Clicking element '//*[@resource-id="com.example.myapplication:id/spinnerFrom"]'.</msg>
<msg timestamp="20231205 11:39:36.337" level="INFO">xpath criteria: //*[@resource-id="com.example.myapplication:id/spinnerFrom"]</msg>
<status status="PASS" starttime="20231205 11:39:36.243" endtime="20231205 11:39:36.337"/>
</kw>
<kw name="Wait Until Element Is Visible" library="AppiumLibrary">
<arg>${from-city-1}</arg>
<doc>Waits until element specified with `locator` is visible.</doc>
<msg timestamp="20231205 11:39:37.234" level="INFO">xpath criteria: //*[@resource-id="android:id/text1" and @text="New York"]
xpath criteria: //*[@resource-id="android:id/text1" and @text="New York"]</msg>
<status status="PASS" starttime="20231205 11:39:36.337" endtime="20231205 11:39:37.234"/>
</kw>
<kw name="Click Element" library="AppiumLibrary">
<arg>${from-city-1}</arg>
<doc>Click element identified by `locator`.</doc>
<msg timestamp="20231205 11:39:37.236" level="INFO">Clicking element '//*[@resource-id="android:id/text1" and @text="New York"]'.</msg>
<msg timestamp="20231205 11:39:37.938" level="INFO">xpath criteria: //*[@resource-id="android:id/text1" and @text="New York"]</msg>
<status status="PASS" starttime="20231205 11:39:37.234" endtime="20231205 11:39:37.938"/>
</kw>
<status status="PASS" starttime="20231205 11:39:35.690" endtime="20231205 11:39:37.938"/>
</kw>
<kw name="Select To City" library="bookPage">
<kw name="Click Element" library="AppiumLibrary">
<arg>${to-city}</arg>
<doc>Click element identified by `locator`.</doc>
<msg timestamp="20231205 11:39:37.941" level="INFO">Clicking element '//*[@resource-id="com.example.myapplication:id/spinnerTo"]'.</msg>
<msg timestamp="20231205 11:39:38.075" level="INFO">xpath criteria: //*[@resource-id="com.example.myapplication:id/spinnerTo"]</msg>
<status status="PASS" starttime="20231205 11:39:37.939" endtime="20231205 11:39:38.075"/>
</kw>
<kw name="Wait Until Element Is Visible" library="AppiumLibrary">
<arg>${to-city-1}</arg>
<doc>Waits until element specified with `locator` is visible.</doc>
<msg timestamp="20231205 11:39:38.992" level="INFO">xpath criteria: //*[@resource-id="android:id/text1" and @text="London"]
xpath criteria: //*[@resource-id="android:id/text1" and @text="London"]</msg>
<status status="PASS" starttime="20231205 11:39:38.076" endtime="20231205 11:39:38.992"/>
</kw>
<kw name="Click Element" library="AppiumLibrary">
<arg>${to-city-1}</arg>
<doc>Click element identified by `locator`.</doc>
<msg timestamp="20231205 11:39:38.995" level="INFO">Clicking element '//*[@resource-id="android:id/text1" and @text="London"]'.</msg>
<msg timestamp="20231205 11:39:39.704" level="INFO">xpath criteria: //*[@resource-id="android:id/text1" and @text="London"]</msg>
<status status="PASS" starttime="20231205 11:39:38.992" endtime="20231205 11:39:39.704"/>
</kw>
<status status="PASS" starttime="20231205 11:39:37.939" endtime="20231205 11:39:39.704"/>
</kw>
<kw name="Select Class" library="bookPage">
<kw name="Click Element" library="AppiumLibrary">
<arg>${class}</arg>
<doc>Click element identified by `locator`.</doc>
<msg timestamp="20231205 11:39:39.707" level="INFO">Clicking element '//*[@resource-id="com.example.myapplication:id/spinnerClass"]'.</msg>
<msg timestamp="20231205 11:39:39.810" level="INFO">xpath criteria: //*[@resource-id="com.example.myapplication:id/spinnerClass"]</msg>
<status status="PASS" starttime="20231205 11:39:39.705" endtime="20231205 11:39:39.810"/>
</kw>
<kw name="Wait Until Element Is Visible" library="AppiumLibrary">
<arg>${class-1}</arg>
<doc>Waits until element specified with `locator` is visible.</doc>
<msg timestamp="20231205 11:39:40.713" level="INFO">xpath criteria: //*[@resource-id="android:id/text1" and @text="Economy"]
xpath criteria: //*[@resource-id="android:id/text1" and @text="Economy"]</msg>
<status status="PASS" starttime="20231205 11:39:39.810" endtime="20231205 11:39:40.713"/>
</kw>
<kw name="Click Element" library="AppiumLibrary">
<arg>${class-1}</arg>
<doc>Click element identified by `locator`.</doc>
<msg timestamp="20231205 11:39:40.715" level="INFO">Clicking element '//*[@resource-id="android:id/text1" and @text="Economy"]'.</msg>
<msg timestamp="20231205 11:39:41.427" level="INFO">xpath criteria: //*[@resource-id="android:id/text1" and @text="Economy"]</msg>
<status status="PASS" starttime="20231205 11:39:40.713" endtime="20231205 11:39:41.427"/>
</kw>
<status status="PASS" starttime="20231205 11:39:39.705" endtime="20231205 11:39:41.427"/>
</kw>
<kw name="Select Start Date" library="bookPage">
<kw name="Click Element" library="AppiumLibrary">
<arg>${start-date}</arg>
<doc>Click element identified by `locator`.</doc>
<msg timestamp="20231205 11:39:41.430" level="INFO">Clicking element '//*[@resource-id="com.example.myapplication:id/textStartDate"]'.</msg>
<msg timestamp="20231205 11:39:41.572" level="INFO">xpath criteria: //*[@resource-id="com.example.myapplication:id/textStartDate"]</msg>
<status status="PASS" starttime="20231205 11:39:41.428" endtime="20231205 11:39:41.572"/>
</kw>
<kw name="Wait Until Element Is Visible" library="AppiumLibrary">
<arg>${choose-start-date}</arg>
<doc>Waits until element specified with `locator` is visible.</doc>
<msg timestamp="20231205 11:39:42.377" level="INFO">xpath criteria: //*[@content-desc="01 August 2019"]
xpath criteria: //*[@content-desc="01 August 2019"]</msg>
<status status="PASS" starttime="20231205 11:39:41.572" endtime="20231205 11:39:42.377"/>
</kw>
<kw name="Click Element" library="AppiumLibrary">
<arg>${choose-start-date}</arg>
<doc>Click element identified by `locator`.</doc>
<msg timestamp="20231205 11:39:42.382" level="INFO">Clicking element '//*[@content-desc="01 August 2019"]'.</msg>
<msg timestamp="20231205 11:39:43.058" level="INFO">xpath criteria: //*[@content-desc="01 August 2019"]</msg>
<status status="PASS" starttime="20231205 11:39:42.377" endtime="20231205 11:39:43.058"/>
</kw>
<kw name="Click Element" library="AppiumLibrary">
<arg>${button-ok-date}</arg>
<doc>Click element identified by `locator`.</doc>
<msg timestamp="20231205 11:39:43.060" level="INFO">Clicking element '//*[@resource-id="android:id/button1"]'.</msg>
<msg timestamp="20231205 11:39:43.207" level="INFO">xpath criteria: //*[@resource-id="android:id/button1"]</msg>
<status status="PASS" starttime="20231205 11:39:43.058" endtime="20231205 11:39:43.207"/>
</kw>
<status status="PASS" starttime="20231205 11:39:41.428" endtime="20231205 11:39:43.207"/>
</kw>
<kw name="Select End Date" library="bookPage">
<kw name="Click Element" library="AppiumLibrary">
<arg>${end-date}</arg>
<doc>Click element identified by `locator`.</doc>
<msg timestamp="20231205 11:39:43.214" level="INFO">Clicking element '//*[@resource-id="com.example.myapplication:id/textEndDate"]'.</msg>
<msg timestamp="20231205 11:39:43.820" level="INFO">xpath criteria: //*[@resource-id="com.example.myapplication:id/textEndDate"]</msg>
<status status="PASS" starttime="20231205 11:39:43.208" endtime="20231205 11:39:43.820"/>
</kw>
<kw name="Wait Until Element Is Visible" library="AppiumLibrary">
<arg>${choose-end-date}</arg>
<doc>Waits until element specified with `locator` is visible.</doc>
<msg timestamp="20231205 11:39:44.518" level="INFO">xpath criteria: //*[@content-desc="02 August 2019"]
xpath criteria: //*[@content-desc="02 August 2019"]</msg>
<status status="PASS" starttime="20231205 11:39:43.820" endtime="20231205 11:39:44.518"/>
</kw>
<kw name="Click Element" library="AppiumLibrary">
<arg>${choose-end-date}</arg>
<doc>Click element identified by `locator`.</doc>
<msg timestamp="20231205 11:39:44.520" level="INFO">Clicking element '//*[@content-desc="02 August 2019"]'.</msg>
<msg timestamp="20231205 11:39:45.245" level="INFO">xpath criteria: //*[@content-desc="02 August 2019"]</msg>
<status status="PASS" starttime="20231205 11:39:44.518" endtime="20231205 11:39:45.245"/>
</kw>
<kw name="Click Element" library="AppiumLibrary">
<arg>${button-ok-date}</arg>
<doc>Click element identified by `locator`.</doc>
<msg timestamp="20231205 11:39:45.248" level="INFO">Clicking element '//*[@resource-id="android:id/button1"]'.</msg>
<msg timestamp="20231205 11:39:45.372" level="INFO">xpath criteria: //*[@resource-id="android:id/button1"]</msg>
<status status="PASS" starttime="20231205 11:39:45.246" endtime="20231205 11:39:45.372"/>
</kw>
<status status="PASS" starttime="20231205 11:39:43.208" endtime="20231205 11:39:45.372"/>
</kw>
<kw name="Select Radio Button Flight" library="bookPage">
<kw name="Click Element" library="AppiumLibrary">
<arg>${radio-button-flight}</arg>
<doc>Click element identified by `locator`.</doc>
<msg timestamp="20231205 11:39:45.378" level="INFO">Clicking element '//*[@resource-id="com.example.myapplication:id/radioButtonFlight"]'.</msg>
<msg timestamp="20231205 11:39:45.991" level="INFO">xpath criteria: //*[@resource-id="com.example.myapplication:id/radioButtonFlight"]</msg>
<status status="PASS" starttime="20231205 11:39:45.373" endtime="20231205 11:39:45.991"/>
</kw>
<status status="PASS" starttime="20231205 11:39:45.373" endtime="20231205 11:39:45.991"/>
</kw>
<kw name="Select Checkbox Day" library="bookPage">
<kw name="Click Element" library="AppiumLibrary">
<arg>${checkbox-day}</arg>
<doc>Click element identified by `locator`.</doc>
<msg timestamp="20231205 11:39:45.995" level="INFO">Clicking element '//*[@resource-id="com.example.myapplication:id/checkBoxDay"]'.</msg>
<msg timestamp="20231205 11:39:46.656" level="INFO">xpath criteria: //*[@resource-id="com.example.myapplication:id/checkBoxDay"]</msg>
<status status="PASS" starttime="20231205 11:39:45.992" endtime="20231205 11:39:46.656"/>
</kw>
<status status="PASS" starttime="20231205 11:39:45.992" endtime="20231205 11:39:46.657"/>
</kw>
<kw name="Click Button Book Flight" library="bookPage">
<kw name="Click Element" library="AppiumLibrary">
<arg>${button-book-flight}</arg>
<doc>Click element identified by `locator`.</doc>
<msg timestamp="20231205 11:39:46.660" level="INFO">Clicking element '//*[@resource-id="com.example.myapplication:id/book_flight"]'.</msg>
<msg timestamp="20231205 11:39:47.321" level="INFO">xpath criteria: //*[@resource-id="com.example.myapplication:id/book_flight"]</msg>
<status status="PASS" starttime="20231205 11:39:46.658" endtime="20231205 11:39:47.321"/>
</kw>
<status status="PASS" starttime="20231205 11:39:46.657" endtime="20231205 11:39:47.321"/>
</kw>
<kw name="Confirm Your Booking" library="bookPage">
<kw name="Wait Until Element Is Visible" library="AppiumLibrary">
<arg>${textview-click-price}</arg>
<doc>Waits until element specified with `locator` is visible.</doc>
<msg timestamp="20231205 11:39:48.002" level="INFO">xpath criteria: //*[@resource-id="com.example.myapplication:id/textView6"]
xpath criteria: //*[@resource-id="com.example.myapplication:id/textView6"]</msg>
<status status="PASS" starttime="20231205 11:39:47.322" endtime="20231205 11:39:48.002"/>
</kw>
<kw name="Click Element" library="AppiumLibrary">
<arg>${button-price-1}</arg>
<doc>Click element identified by `locator`.</doc>
<msg timestamp="20231205 11:39:48.005" level="INFO">Clicking element '//*[@resource-id="com.example.myapplication:id/price1"]'.</msg>
<msg timestamp="20231205 11:39:48.087" level="INFO">xpath criteria: //*[@resource-id="com.example.myapplication:id/price1"]</msg>
<status status="PASS" starttime="20231205 11:39:48.002" endtime="20231205 11:39:48.087"/>
</kw>
<kw name="Click Element" library="AppiumLibrary">
<arg>${button-confirm}</arg>
<doc>Click element identified by `locator`.</doc>
<msg timestamp="20231205 11:39:48.095" level="INFO">Clicking element '//*[@resource-id="com.example.myapplication:id/confirm_order"]'.</msg>
<msg timestamp="20231205 11:39:48.773" level="INFO">xpath criteria: //*[@resource-id="com.example.myapplication:id/confirm_order"]</msg>
<status status="PASS" starttime="20231205 11:39:48.088" endtime="20231205 11:39:48.773"/>
</kw>
<kw name="Wait Until Element Is Visible" library="AppiumLibrary">
<arg>${textview-flight-is-booked}</arg>
<doc>Waits until element specified with `locator` is visible.</doc>
<msg timestamp="20231205 11:39:49.389" level="INFO">xpath criteria: //*[@resource-id="com.example.myapplication:id/checkedTextView"]
xpath criteria: //*[@resource-id="com.example.myapplication:id/checkedTextView"]</msg>
<status status="PASS" starttime="20231205 11:39:48.774" endtime="20231205 11:39:49.389"/>
</kw>
<status status="PASS" starttime="20231205 11:39:47.322" endtime="20231205 11:39:49.389"/>
</kw>
<kw name="Close Application" library="AppiumLibrary">
<doc>Closes the current application and also close webdriver session.</doc>
<status status="PASS" starttime="20231205 11:39:49.390" endtime="20231205 11:39:49.916"/>
</kw>
<status status="PASS" starttime="20231205 11:39:18.940" endtime="20231205 11:39:49.917"/>
</test>
<test id="s1-t2" name="Book Flight Valid On The Bar Tab Round Trip" line="32">
<kw name="Open Flight Application" library="base">
<kw name="Open Application" library="AppiumLibrary">
<arg>remote_url=${REMOTE_URL}</arg>
<arg>platformName=${PLATFORM_NAME}</arg>
<arg>platformVersion=${PLATFORM_VERSION}</arg>
<arg>deviceName=${DEVICE_NAME}</arg>
<arg>appPackage=${APP_PACKAGE}</arg>
<arg>appActivity=${APP_ACTIVITY}</arg>
<doc>Opens a new application to given Appium server.
Capabilities of appium server, Android and iOS,
Please check https://github.com/appium/appium/blob/master/docs/en/writing-running-appium/server-args.md
| *Option*            | *Man.* | *Description*     |
| remote_url          | Yes    | Appium server url |
| alias               | no     | alias             |
| strict_ssl          | No     | allows you to send commands to an invalid certificate host like a self-signed one. |</doc>
<status status="PASS" starttime="20231205 11:39:49.919" endtime="20231205 11:39:56.572"/>
</kw>
<status status="PASS" starttime="20231205 11:39:49.918" endtime="20231205 11:39:56.572"/>
</kw>
<kw name="Click Sign In Button On Home Page" library="homePage">
<kw name="Wait Until Element Is Visible" library="AppiumLibrary">
<arg>${log-in-button}</arg>
<doc>Waits until element specified with `locator` is visible.</doc>
<msg timestamp="20231205 11:39:57.511" level="INFO">xpath criteria: //*[@resource-id="com.example.myapplication:id/login"]</msg>
<status status="PASS" starttime="20231205 11:39:56.573" endtime="20231205 11:39:57.511"/>
</kw>
<kw name="Click Element" library="AppiumLibrary">
<arg>${log-in-button}</arg>
<doc>Click element identified by `locator`.</doc>
<msg timestamp="20231205 11:39:57.516" level="INFO">Clicking element '//*[@resource-id="com.example.myapplication:id/login"]'.</msg>
<msg timestamp="20231205 11:39:57.619" level="INFO">xpath criteria: //*[@resource-id="com.example.myapplication:id/login"]</msg>
<status status="PASS" starttime="20231205 11:39:57.511" endtime="20231205 11:39:57.619"/>
</kw>
<status status="PASS" starttime="20231205 11:39:56.573" endtime="20231205 11:39:57.620"/>
</kw>
<kw name="Input Username On Login Page" library="loginPage">
<arg>${VALID_USERNAME}</arg>
<kw name="Wait Until Element Is Visible" library="AppiumLibrary">
<arg>${username-input}</arg>
<doc>Waits until element specified with `locator` is visible.</doc>
<msg timestamp="20231205 11:39:58.346" level="INFO">xpath criteria: //*[@resource-id="com.example.myapplication:id/username"]
xpath criteria: //*[@resource-id="com.example.myapplication:id/username"]</msg>
<status status="PASS" starttime="20231205 11:39:57.621" endtime="20231205 11:39:58.346"/>
</kw>
<kw name="Input Text" library="AppiumLibrary">
<arg>${username-input}</arg>
<arg>${username}</arg>
<doc>Types the given `text` into text field identified by `locator`.</doc>
<msg timestamp="20231205 11:39:58.349" level="INFO">Typing text 'support@ngendigital.com' into text field '//*[@resource-id="com.example.myapplication:id/username"]'</msg>
<msg timestamp="20231205 11:39:58.419" level="INFO">xpath criteria: //*[@resource-id="com.example.myapplication:id/username"]</msg>
<status status="PASS" starttime="20231205 11:39:58.347" endtime="20231205 11:39:58.419"/>
</kw>
<status status="PASS" starttime="20231205 11:39:57.620" endtime="20231205 11:39:58.419"/>
</kw>
<kw name="Input Password On Login Page" library="loginPage">
<arg>${VALID_PASSWORD}</arg>
<kw name="Wait Until Element Is Visible" library="AppiumLibrary">
<arg>${password-input}</arg>
<doc>Waits until element specified with `locator` is visible.</doc>
<msg timestamp="20231205 11:39:58.960" level="INFO">xpath criteria: //*[@resource-id="com.example.myapplication:id/password"]</msg>
<status status="PASS" starttime="20231205 11:39:58.421" endtime="20231205 11:39:58.960"/>
</kw>
<kw name="Input Text" library="AppiumLibrary">
<arg>${password-input}</arg>
<arg>${pasword}</arg>
<doc>Types the given `text` into text field identified by `locator`.</doc>
<msg timestamp="20231205 11:39:58.963" level="INFO">Typing text 'abc123' into text field '//*[@resource-id="com.example.myapplication:id/password"]'</msg>
<msg timestamp="20231205 11:39:59.025" level="INFO">xpath criteria: //*[@resource-id="com.example.myapplication:id/password"]</msg>
<status status="PASS" starttime="20231205 11:39:58.962" endtime="20231205 11:39:59.025"/>
</kw>
<status status="PASS" starttime="20231205 11:39:58.420" endtime="20231205 11:39:59.025"/>
</kw>
<kw name="Click Sign In Button On Login Page" library="loginPage">
<kw name="Click Element" library="AppiumLibrary">
<arg>${sign-in-button}</arg>
<doc>Click element identified by `locator`.</doc>
<msg timestamp="20231205 11:39:59.030" level="INFO">Clicking element '//*[@resource-id="com.example.myapplication:id/signIn"]'.</msg>
<msg timestamp="20231205 11:39:59.639" level="INFO">xpath criteria: //*[@resource-id="com.example.myapplication:id/signIn"]</msg>
<status status="PASS" starttime="20231205 11:39:59.026" endtime="20231205 11:39:59.639"/>
</kw>
<status status="PASS" starttime="20231205 11:39:59.026" endtime="20231205 11:39:59.639"/>
</kw>
<kw name="Click Button Book" library="bookPage">
<kw name="Wait Until Element Is Visible" library="AppiumLibrary">
<arg>${home-page}</arg>
<doc>Waits until element specified with `locator` is visible.</doc>
<msg timestamp="20231205 11:40:00.813" level="INFO">xpath criteria: //*[@resource-id="com.example.myapplication:id/textView"]
xpath criteria: //*[@resource-id="com.example.myapplication:id/textView"]</msg>
<status status="PASS" starttime="20231205 11:39:59.640" endtime="20231205 11:40:00.813"/>
</kw>
<kw name="Click Element" library="AppiumLibrary">
<arg>${button-book}</arg>
<doc>Click element identified by `locator`.</doc>
<msg timestamp="20231205 11:40:00.815" level="INFO">Clicking element '//*[@resource-id="com.example.myapplication:id/book"]'.</msg>
<msg timestamp="20231205 11:40:00.917" level="INFO">xpath criteria: //*[@resource-id="com.example.myapplication:id/book"]</msg>
<status status="PASS" starttime="20231205 11:40:00.813" endtime="20231205 11:40:00.918"/>
</kw>
<status status="PASS" starttime="20231205 11:39:59.639" endtime="20231205 11:40:00.918"/>
</kw>
<kw name="Select Bar Tab Round Trip" library="bookPage">
<kw name="Wait Until Element Is Visible" library="AppiumLibrary">
<arg>${bar-tab-round-trip}</arg>
<doc>Waits until element specified with `locator` is visible.</doc>
<msg timestamp="20231205 11:40:01.909" level="INFO">xpath criteria: //*[@content-desc="Round Trip"]
xpath criteria: //*[@content-desc="Round Trip"]</msg>
<status status="PASS" starttime="20231205 11:40:00.919" endtime="20231205 11:40:01.910"/>
</kw>
<kw name="Click Element" library="AppiumLibrary">
<arg>${bar-tab-round-trip}</arg>
<doc>Click element identified by `locator`.</doc>
<msg timestamp="20231205 11:40:01.911" level="INFO">Clicking element '//*[@content-desc="Round Trip"]'.</msg>
<msg timestamp="20231205 11:40:02.006" level="INFO">xpath criteria: //*[@content-desc="Round Trip"]</msg>
<status status="PASS" starttime="20231205 11:40:01.910" endtime="20231205 11:40:02.006"/>
</kw>
<status status="PASS" starttime="20231205 11:40:00.918" endtime="20231205 11:40:02.006"/>
</kw>
<kw name="Select From City" library="bookPage">
<kw name="Wait Until Element Is Visible" library="AppiumLibrary">
<arg>${from-city}</arg>
<doc>Waits until element specified with `locator` is visible.</doc>
<msg timestamp="20231205 11:40:02.563" level="INFO">xpath criteria: //*[@resource-id="com.example.myapplication:id/spinnerFrom"]</msg>
<status status="PASS" starttime="20231205 11:40:02.008" endtime="20231205 11:40:02.563"/>
</kw>
<kw name="Click Element" library="AppiumLibrary">
<arg>${from-city}</arg>
<doc>Click element identified by `locator`.</doc>
<msg timestamp="20231205 11:40:02.566" level="INFO">Clicking element '//*[@resource-id="com.example.myapplication:id/spinnerFrom"]'.</msg>
<msg timestamp="20231205 11:40:02.674" level="INFO">xpath criteria: //*[@resource-id="com.example.myapplication:id/spinnerFrom"]</msg>
<status status="PASS" starttime="20231205 11:40:02.563" endtime="20231205 11:40:02.674"/>
</kw>
<kw name="Wait Until Element Is Visible" library="AppiumLibrary">
<arg>${from-city-1}</arg>
<doc>Waits until element specified with `locator` is visible.</doc>
<msg timestamp="20231205 11:40:03.573" level="INFO">xpath criteria: //*[@resource-id="android:id/text1" and @text="New York"]
xpath criteria: //*[@resource-id="android:id/text1" and @text="New York"]</msg>
<status status="PASS" starttime="20231205 11:40:02.675" endtime="20231205 11:40:03.573"/>
</kw>
<kw name="Click Element" library="AppiumLibrary">
<arg>${from-city-1}</arg>
<doc>Click element identified by `locator`.</doc>
<msg timestamp="20231205 11:40:03.576" level="INFO">Clicking element '//*[@resource-id="android:id/text1" and @text="New York"]'.</msg>
<msg timestamp="20231205 11:40:04.275" level="INFO">xpath criteria: //*[@resource-id="android:id/text1" and @text="New York"]</msg>
<status status="PASS" starttime="20231205 11:40:03.573" endtime="20231205 11:40:04.276"/>
</kw>
<status status="PASS" starttime="20231205 11:40:02.007" endtime="20231205 11:40:04.276"/>
</kw>
<kw name="Select To City" library="bookPage">
<kw name="Click Element" library="AppiumLibrary">
<arg>${to-city}</arg>
<doc>Click element identified by `locator`.</doc>
<msg timestamp="20231205 11:40:04.280" level="INFO">Clicking element '//*[@resource-id="com.example.myapplication:id/spinnerTo"]'.</msg>
<msg timestamp="20231205 11:40:04.402" level="INFO">xpath criteria: //*[@resource-id="com.example.myapplication:id/spinnerTo"]</msg>
<status status="PASS" starttime="20231205 11:40:04.277" endtime="20231205 11:40:04.402"/>
</kw>
<kw name="Wait Until Element Is Visible" library="AppiumLibrary">
<arg>${to-city-1}</arg>
<doc>Waits until element specified with `locator` is visible.</doc>
<msg timestamp="20231205 11:40:05.294" level="INFO">xpath criteria: //*[@resource-id="android:id/text1" and @text="London"]
xpath criteria: //*[@resource-id="android:id/text1" and @text="London"]</msg>
<status status="PASS" starttime="20231205 11:40:04.402" endtime="20231205 11:40:05.294"/>
</kw>
<kw name="Click Element" library="AppiumLibrary">
<arg>${to-city-1}</arg>
<doc>Click element identified by `locator`.</doc>
<msg timestamp="20231205 11:40:05.297" level="INFO">Clicking element '//*[@resource-id="android:id/text1" and @text="London"]'.</msg>
<msg timestamp="20231205 11:40:06.003" level="INFO">xpath criteria: //*[@resource-id="android:id/text1" and @text="London"]</msg>
<status status="PASS" starttime="20231205 11:40:05.294" endtime="20231205 11:40:06.003"/>
</kw>
<status status="PASS" starttime="20231205 11:40:04.276" endtime="20231205 11:40:06.003"/>
</kw>
<kw name="Select Class" library="bookPage">
<kw name="Click Element" library="AppiumLibrary">
<arg>${class}</arg>
<doc>Click element identified by `locator`.</doc>
<msg timestamp="20231205 11:40:06.007" level="INFO">Clicking element '//*[@resource-id="com.example.myapplication:id/spinnerClass"]'.</msg>
<msg timestamp="20231205 11:40:06.101" level="INFO">xpath criteria: //*[@resource-id="com.example.myapplication:id/spinnerClass"]</msg>
<status status="PASS" starttime="20231205 11:40:06.005" endtime="20231205 11:40:06.102"/>
</kw>
<kw name="Wait Until Element Is Visible" library="AppiumLibrary">
<arg>${class-1}</arg>
<doc>Waits until element specified with `locator` is visible.</doc>
<msg timestamp="20231205 11:40:07.015" level="INFO">xpath criteria: //*[@resource-id="android:id/text1" and @text="Economy"]
xpath criteria: //*[@resource-id="android:id/text1" and @text="Economy"]</msg>
<status status="PASS" starttime="20231205 11:40:06.102" endtime="20231205 11:40:07.015"/>
</kw>
<kw name="Click Element" library="AppiumLibrary">
<arg>${class-1}</arg>
<doc>Click element identified by `locator`.</doc>
<msg timestamp="20231205 11:40:07.017" level="INFO">Clicking element '//*[@resource-id="android:id/text1" and @text="Economy"]'.</msg>
<msg timestamp="20231205 11:40:07.721" level="INFO">xpath criteria: //*[@resource-id="android:id/text1" and @text="Economy"]</msg>
<status status="PASS" starttime="20231205 11:40:07.015" endtime="20231205 11:40:07.721"/>
</kw>
<status status="PASS" starttime="20231205 11:40:06.004" endtime="20231205 11:40:07.721"/>
</kw>
<kw name="Select Start Date" library="bookPage">
<kw name="Click Element" library="AppiumLibrary">
<arg>${start-date}</arg>
<doc>Click element identified by `locator`.</doc>
<msg timestamp="20231205 11:40:07.724" level="INFO">Clicking element '//*[@resource-id="com.example.myapplication:id/textStartDate"]'.</msg>
<msg timestamp="20231205 11:40:07.835" level="INFO">xpath criteria: //*[@resource-id="com.example.myapplication:id/textStartDate"]</msg>
<status status="PASS" starttime="20231205 11:40:07.722" endtime="20231205 11:40:07.835"/>
</kw>
<kw name="Wait Until Element Is Visible" library="AppiumLibrary">
<arg>${choose-start-date}</arg>
<doc>Waits until element specified with `locator` is visible.</doc>
<msg timestamp="20231205 11:40:08.607" level="INFO">xpath criteria: //*[@content-desc="01 August 2019"]
xpath criteria: //*[@content-desc="01 August 2019"]</msg>
<status status="PASS" starttime="20231205 11:40:07.836" endtime="20231205 11:40:08.607"/>
</kw>
<kw name="Click Element" library="AppiumLibrary">
<arg>${choose-start-date}</arg>
<doc>Click element identified by `locator`.</doc>
<msg timestamp="20231205 11:40:08.610" level="INFO">Clicking element '//*[@content-desc="01 August 2019"]'.</msg>
<msg timestamp="20231205 11:40:09.213" level="INFO">xpath criteria: //*[@content-desc="01 August 2019"]</msg>
<status status="PASS" starttime="20231205 11:40:08.607" endtime="20231205 11:40:09.213"/>
</kw>
<kw name="Click Element" library="AppiumLibrary">
<arg>${button-ok-date}</arg>
<doc>Click element identified by `locator`.</doc>
<msg timestamp="20231205 11:40:09.215" level="INFO">Clicking element '//*[@resource-id="android:id/button1"]'.</msg>
<msg timestamp="20231205 11:40:09.337" level="INFO">xpath criteria: //*[@resource-id="android:id/button1"]</msg>
<status status="PASS" starttime="20231205 11:40:09.213" endtime="20231205 11:40:09.338"/>
</kw>
<status status="PASS" starttime="20231205 11:40:07.722" endtime="20231205 11:40:09.338"/>
</kw>
<kw name="Select End Date" library="bookPage">
<kw name="Click Element" library="AppiumLibrary">
<arg>${end-date}</arg>
<doc>Click element identified by `locator`.</doc>
<msg timestamp="20231205 11:40:09.346" level="INFO">Clicking element '//*[@resource-id="com.example.myapplication:id/textEndDate"]'.</msg>
<msg timestamp="20231205 11:40:09.935" level="INFO">xpath criteria: //*[@resource-id="com.example.myapplication:id/textEndDate"]</msg>
<status status="PASS" starttime="20231205 11:40:09.339" endtime="20231205 11:40:09.935"/>
</kw>
<kw name="Wait Until Element Is Visible" library="AppiumLibrary">
<arg>${choose-end-date}</arg>
<doc>Waits until element specified with `locator` is visible.</doc>
<msg timestamp="20231205 11:40:10.625" level="INFO">xpath criteria: //*[@content-desc="02 August 2019"]
xpath criteria: //*[@content-desc="02 August 2019"]</msg>
<status status="PASS" starttime="20231205 11:40:09.935" endtime="20231205 11:40:10.625"/>
</kw>
<kw name="Click Element" library="AppiumLibrary">
<arg>${choose-end-date}</arg>
<doc>Click element identified by `locator`.</doc>
<msg timestamp="20231205 11:40:10.628" level="INFO">Clicking element '//*[@content-desc="02 August 2019"]'.</msg>
<msg timestamp="20231205 11:40:11.362" level="INFO">xpath criteria: //*[@content-desc="02 August 2019"]</msg>
<status status="PASS" starttime="20231205 11:40:10.625" endtime="20231205 11:40:11.362"/>
</kw>
<kw name="Click Element" library="AppiumLibrary">
<arg>${button-ok-date}</arg>
<doc>Click element identified by `locator`.</doc>
<msg timestamp="20231205 11:40:11.365" level="INFO">Clicking element '//*[@resource-id="android:id/button1"]'.</msg>
<msg timestamp="20231205 11:40:11.493" level="INFO">xpath criteria: //*[@resource-id="android:id/button1"]</msg>
<status status="PASS" starttime="20231205 11:40:11.362" endtime="20231205 11:40:11.494"/>
</kw>
<status status="PASS" starttime="20231205 11:40:09.339" endtime="20231205 11:40:11.494"/>
</kw>
<kw name="Select Radio Button Flight" library="bookPage">
<kw name="Click Element" library="AppiumLibrary">
<arg>${radio-button-flight}</arg>
<doc>Click element identified by `locator`.</doc>
<msg timestamp="20231205 11:40:11.501" level="INFO">Clicking element '//*[@resource-id="com.example.myapplication:id/radioButtonFlight"]'.</msg>
<msg timestamp="20231205 11:40:12.106" level="INFO">xpath criteria: //*[@resource-id="com.example.myapplication:id/radioButtonFlight"]</msg>
<status status="PASS" starttime="20231205 11:40:11.495" endtime="20231205 11:40:12.106"/>
</kw>
<status status="PASS" starttime="20231205 11:40:11.494" endtime="20231205 11:40:12.106"/>
</kw>
<kw name="Select Checkbox Day" library="bookPage">
<kw name="Click Element" library="AppiumLibrary">
<arg>${checkbox-day}</arg>
<doc>Click element identified by `locator`.</doc>
<msg timestamp="20231205 11:40:12.113" level="INFO">Clicking element '//*[@resource-id="com.example.myapplication:id/checkBoxDay"]'.</msg>
<msg timestamp="20231205 11:40:12.754" level="INFO">xpath criteria: //*[@resource-id="com.example.myapplication:id/checkBoxDay"]</msg>
<status status="PASS" starttime="20231205 11:40:12.107" endtime="20231205 11:40:12.754"/>
</kw>
<status status="PASS" starttime="20231205 11:40:12.107" endtime="20231205 11:40:12.754"/>
</kw>
<kw name="Click Button Book Flight" library="bookPage">
<kw name="Click Element" library="AppiumLibrary">
<arg>${button-book-flight}</arg>
<doc>Click element identified by `locator`.</doc>
<msg timestamp="20231205 11:40:12.760" level="INFO">Clicking element '//*[@resource-id="com.example.myapplication:id/book_flight"]'.</msg>
<msg timestamp="20231205 11:40:13.426" level="INFO">xpath criteria: //*[@resource-id="com.example.myapplication:id/book_flight"]</msg>
<status status="PASS" starttime="20231205 11:40:12.756" endtime="20231205 11:40:13.426"/>
</kw>
<status status="PASS" starttime="20231205 11:40:12.755" endtime="20231205 11:40:13.426"/>
</kw>
<kw name="Confirm Your Booking" library="bookPage">
<kw name="Wait Until Element Is Visible" library="AppiumLibrary">
<arg>${textview-click-price}</arg>
<doc>Waits until element specified with `locator` is visible.</doc>
<msg timestamp="20231205 11:40:14.076" level="INFO">xpath criteria: //*[@resource-id="com.example.myapplication:id/textView6"]</msg>
<status status="PASS" starttime="20231205 11:40:13.427" endtime="20231205 11:40:14.076"/>
</kw>
<kw name="Click Element" library="AppiumLibrary">
<arg>${button-price-1}</arg>
<doc>Click element identified by `locator`.</doc>
<msg timestamp="20231205 11:40:14.078" level="INFO">Clicking element '//*[@resource-id="com.example.myapplication:id/price1"]'.</msg>
<msg timestamp="20231205 11:40:14.153" level="INFO">xpath criteria: //*[@resource-id="com.example.myapplication:id/price1"]</msg>
<status status="PASS" starttime="20231205 11:40:14.076" endtime="20231205 11:40:14.153"/>
</kw>
<kw name="Click Element" library="AppiumLibrary">
<arg>${button-confirm}</arg>
<doc>Click element identified by `locator`.</doc>
<msg timestamp="20231205 11:40:14.159" level="INFO">Clicking element '//*[@resource-id="com.example.myapplication:id/confirm_order"]'.</msg>
<msg timestamp="20231205 11:40:14.836" level="INFO">xpath criteria: //*[@resource-id="com.example.myapplication:id/confirm_order"]</msg>
<status status="PASS" starttime="20231205 11:40:14.153" endtime="20231205 11:40:14.837"/>
</kw>
<kw name="Wait Until Element Is Visible" library="AppiumLibrary">
<arg>${textview-flight-is-booked}</arg>
<doc>Waits until element specified with `locator` is visible.</doc>
<msg timestamp="20231205 11:40:15.455" level="INFO">xpath criteria: //*[@resource-id="com.example.myapplication:id/checkedTextView"]
xpath criteria: //*[@resource-id="com.example.myapplication:id/checkedTextView"]</msg>
<status status="PASS" starttime="20231205 11:40:14.837" endtime="20231205 11:40:15.455"/>
</kw>
<status status="PASS" starttime="20231205 11:40:13.427" endtime="20231205 11:40:15.456"/>
</kw>
<kw name="Close Application" library="AppiumLibrary">
<doc>Closes the current application and also close webdriver session.</doc>
<status status="PASS" starttime="20231205 11:40:15.456" endtime="20231205 11:40:15.883"/>
</kw>
<status status="PASS" starttime="20231205 11:39:49.918" endtime="20231205 11:40:15.884"/>
</test>
<status status="PASS" starttime="20231205 11:39:18.662" endtime="20231205 11:40:15.886"/>
</suite>
<statistics>
<total>
<stat pass="2" fail="0" skip="0">All Tests</stat>
</total>
<tag>
</tag>
<suite>
<stat pass="2" fail="0" skip="0" id="s1" name="bookSuites">bookSuites</stat>
</suite>
</statistics>
<errors>
</errors>
</robot>
