<?xml version="1.0" encoding="UTF-8"?>
<robot generator="Robot 6.1.1 (Python 3.9.7 on win32)" generated="20231205 13:47:09.128" rpa="false" schemaversion="4">
<suite id="s1" name="bookSuites" source="E:\BOOTCAMP\SANBERCODE\MobileAutomation_Kel14\suites\bookSuites.robot">
<test id="s1-t1" name="Verify That User Is Able To See Form Book Flight" line="13">
<kw name="Open Flight Application" library="base">
<kw name="Open Application" library="AppiumLibrary">
<arg>remote_url=${REMOTE_URL}</arg>
<arg>platformName=${PLATFORM_NAME}</arg>
<arg>platformVersion=${PLATFORM_VERSION}</arg>
<arg>deviceName=${DEVICE_NAME}</arg>
<arg>appPackage=${APP_PACKAGE}</arg>
<arg>appActivity=${APP_ACTIVITY}</arg>
<doc>Opens a new application to given Appium server.
Capabilities of appium server, Android and iOS,
Please check https://github.com/appium/appium/blob/master/docs/en/writing-running-appium/server-args.md
| *Option*            | *Man.* | *Description*     |
| remote_url          | Yes    | Appium server url |
| alias               | no     | alias             |
| strict_ssl          | No     | allows you to send commands to an invalid certificate host like a self-signed one. |</doc>
<status status="PASS" starttime="20231205 13:47:09.399" endtime="20231205 13:47:15.612"/>
</kw>
<status status="PASS" starttime="20231205 13:47:09.398" endtime="20231205 13:47:15.612"/>
</kw>
<kw name="Click Sign In Button On Home Page" library="homePage">
<kw name="Wait Until Element Is Visible" library="AppiumLibrary">
<arg>${log-in-button}</arg>
<doc>Waits until element specified with `locator` is visible.</doc>
<msg timestamp="20231205 13:47:16.503" level="INFO">xpath criteria: //*[@resource-id="com.example.myapplication:id/login"]</msg>
<status status="PASS" starttime="20231205 13:47:15.613" endtime="20231205 13:47:16.503"/>
</kw>
<kw name="Click Element" library="AppiumLibrary">
<arg>${log-in-button}</arg>
<doc>Click element identified by `locator`.</doc>
<msg timestamp="20231205 13:47:16.506" level="INFO">Clicking element '//*[@resource-id="com.example.myapplication:id/login"]'.</msg>
<msg timestamp="20231205 13:47:16.604" level="INFO">xpath criteria: //*[@resource-id="com.example.myapplication:id/login"]</msg>
<status status="PASS" starttime="20231205 13:47:16.503" endtime="20231205 13:47:16.604"/>
</kw>
<status status="PASS" starttime="20231205 13:47:15.613" endtime="20231205 13:47:16.604"/>
</kw>
<kw name="Input Username On Login Page" library="loginPage">
<arg>${VALID_USERNAME}</arg>
<kw name="Wait Until Element Is Visible" library="AppiumLibrary">
<arg>${username-input}</arg>
<doc>Waits until element specified with `locator` is visible.</doc>
<msg timestamp="20231205 13:47:17.335" level="INFO">xpath criteria: //*[@resource-id="com.example.myapplication:id/username"]
xpath criteria: //*[@resource-id="com.example.myapplication:id/username"]</msg>
<status status="PASS" starttime="20231205 13:47:16.606" endtime="20231205 13:47:17.335"/>
</kw>
<kw name="Input Text" library="AppiumLibrary">
<arg>${username-input}</arg>
<arg>${username}</arg>
<doc>Types the given `text` into text field identified by `locator`.</doc>
<msg timestamp="20231205 13:47:17.337" level="INFO">Typing text 'support@ngendigital.com' into text field '//*[@resource-id="com.example.myapplication:id/username"]'</msg>
<msg timestamp="20231205 13:47:17.396" level="INFO">xpath criteria: //*[@resource-id="com.example.myapplication:id/username"]</msg>
<status status="PASS" starttime="20231205 13:47:17.335" endtime="20231205 13:47:17.396"/>
</kw>
<status status="PASS" starttime="20231205 13:47:16.605" endtime="20231205 13:47:17.396"/>
</kw>
<kw name="Input Password On Login Page" library="loginPage">
<arg>${VALID_PASSWORD}</arg>
<kw name="Wait Until Element Is Visible" library="AppiumLibrary">
<arg>${password-input}</arg>
<doc>Waits until element specified with `locator` is visible.</doc>
<msg timestamp="20231205 13:47:17.897" level="INFO">xpath criteria: //*[@resource-id="com.example.myapplication:id/password"]</msg>
<status status="PASS" starttime="20231205 13:47:17.397" endtime="20231205 13:47:17.897"/>
</kw>
<kw name="Input Text" library="AppiumLibrary">
<arg>${password-input}</arg>
<arg>${pasword}</arg>
<doc>Types the given `text` into text field identified by `locator`.</doc>
<msg timestamp="20231205 13:47:17.901" level="INFO">Typing text 'abc123' into text field '//*[@resource-id="com.example.myapplication:id/password"]'</msg>
<msg timestamp="20231205 13:47:17.953" level="INFO">xpath criteria: //*[@resource-id="com.example.myapplication:id/password"]</msg>
<status status="PASS" starttime="20231205 13:47:17.899" endtime="20231205 13:47:17.953"/>
</kw>
<status status="PASS" starttime="20231205 13:47:17.397" endtime="20231205 13:47:17.953"/>
</kw>
<kw name="Click Sign In Button On Login Page" library="loginPage">
<kw name="Click Element" library="AppiumLibrary">
<arg>${sign-in-button}</arg>
<doc>Click element identified by `locator`.</doc>
<msg timestamp="20231205 13:47:17.957" level="INFO">Clicking element '//*[@resource-id="com.example.myapplication:id/signIn"]'.</msg>
<msg timestamp="20231205 13:47:18.487" level="INFO">xpath criteria: //*[@resource-id="com.example.myapplication:id/signIn"]</msg>
<status status="PASS" starttime="20231205 13:47:17.954" endtime="20231205 13:47:18.487"/>
</kw>
<status status="PASS" starttime="20231205 13:47:17.954" endtime="20231205 13:47:18.487"/>
</kw>
<kw name="Click Button Book" library="bookPage">
<kw name="Wait Until Element Is Visible" library="AppiumLibrary">
<arg>${home-page}</arg>
<doc>Waits until element specified with `locator` is visible.</doc>
<msg timestamp="20231205 13:47:19.252" level="INFO">xpath criteria: //*[@resource-id="com.example.myapplication:id/textView"]
xpath criteria: //*[@resource-id="com.example.myapplication:id/textView"]</msg>
<status status="PASS" starttime="20231205 13:47:18.489" endtime="20231205 13:47:19.252"/>
</kw>
<kw name="Click Element" library="AppiumLibrary">
<arg>${button-book}</arg>
<doc>Click element identified by `locator`.</doc>
<msg timestamp="20231205 13:47:19.254" level="INFO">Clicking element '//*[@resource-id="com.example.myapplication:id/book"]'.</msg>
<msg timestamp="20231205 13:47:19.317" level="INFO">xpath criteria: //*[@resource-id="com.example.myapplication:id/book"]</msg>
<status status="PASS" starttime="20231205 13:47:19.252" endtime="20231205 13:47:19.317"/>
</kw>
<status status="PASS" starttime="20231205 13:47:18.489" endtime="20231205 13:47:19.317"/>
</kw>
<kw name="Wait Until Element Is Visible" library="AppiumLibrary">
<arg>${bar-tab-one-way}</arg>
<doc>Waits until element specified with `locator` is visible.</doc>
<msg timestamp="20231205 13:47:20.201" level="INFO">xpath criteria: //*[@content-desc="One Way"]
xpath criteria: //*[@content-desc="One Way"]</msg>
<status status="PASS" starttime="20231205 13:47:19.317" endtime="20231205 13:47:20.201"/>
</kw>
<kw name="Close Application" library="AppiumLibrary">
<doc>Closes the current application and also close webdriver session.</doc>
<status status="PASS" starttime="20231205 13:47:20.201" endtime="20231205 13:47:20.704"/>
</kw>
<status status="PASS" starttime="20231205 13:47:09.398" endtime="20231205 13:47:20.705"/>
</test>
<test id="s1-t2" name="Book Flight Valid On The Bar Tab One Way" line="23">
<kw name="Open Flight Application" library="base">
<kw name="Open Application" library="AppiumLibrary">
<arg>remote_url=${REMOTE_URL}</arg>
<arg>platformName=${PLATFORM_NAME}</arg>
<arg>platformVersion=${PLATFORM_VERSION}</arg>
<arg>deviceName=${DEVICE_NAME}</arg>
<arg>appPackage=${APP_PACKAGE}</arg>
<arg>appActivity=${APP_ACTIVITY}</arg>
<doc>Opens a new application to given Appium server.
Capabilities of appium server, Android and iOS,
Please check https://github.com/appium/appium/blob/master/docs/en/writing-running-appium/server-args.md
| *Option*            | *Man.* | *Description*     |
| remote_url          | Yes    | Appium server url |
| alias               | no     | alias             |
| strict_ssl          | No     | allows you to send commands to an invalid certificate host like a self-signed one. |</doc>
<status status="PASS" starttime="20231205 13:47:20.708" endtime="20231205 13:47:26.859"/>
</kw>
<status status="PASS" starttime="20231205 13:47:20.707" endtime="20231205 13:47:26.860"/>
</kw>
<kw name="Click Sign In Button On Home Page" library="homePage">
<kw name="Wait Until Element Is Visible" library="AppiumLibrary">
<arg>${log-in-button}</arg>
<doc>Waits until element specified with `locator` is visible.</doc>
<msg timestamp="20231205 13:47:27.791" level="INFO">xpath criteria: //*[@resource-id="com.example.myapplication:id/login"]</msg>
<status status="PASS" starttime="20231205 13:47:26.861" endtime="20231205 13:47:27.791"/>
</kw>
<kw name="Click Element" library="AppiumLibrary">
<arg>${log-in-button}</arg>
<doc>Click element identified by `locator`.</doc>
<msg timestamp="20231205 13:47:27.794" level="INFO">Clicking element '//*[@resource-id="com.example.myapplication:id/login"]'.</msg>
<msg timestamp="20231205 13:47:27.902" level="INFO">xpath criteria: //*[@resource-id="com.example.myapplication:id/login"]</msg>
<status status="PASS" starttime="20231205 13:47:27.791" endtime="20231205 13:47:27.902"/>
</kw>
<status status="PASS" starttime="20231205 13:47:26.860" endtime="20231205 13:47:27.902"/>
</kw>
<kw name="Input Username On Login Page" library="loginPage">
<arg>${VALID_USERNAME}</arg>
<kw name="Wait Until Element Is Visible" library="AppiumLibrary">
<arg>${username-input}</arg>
<doc>Waits until element specified with `locator` is visible.</doc>
<msg timestamp="20231205 13:47:28.648" level="INFO">xpath criteria: //*[@resource-id="com.example.myapplication:id/username"]
xpath criteria: //*[@resource-id="com.example.myapplication:id/username"]</msg>
<status status="PASS" starttime="20231205 13:47:27.904" endtime="20231205 13:47:28.649"/>
</kw>
<kw name="Input Text" library="AppiumLibrary">
<arg>${username-input}</arg>
<arg>${username}</arg>
<doc>Types the given `text` into text field identified by `locator`.</doc>
<msg timestamp="20231205 13:47:28.651" level="INFO">Typing text 'support@ngendigital.com' into text field '//*[@resource-id="com.example.myapplication:id/username"]'</msg>
<msg timestamp="20231205 13:47:28.724" level="INFO">xpath criteria: //*[@resource-id="com.example.myapplication:id/username"]</msg>
<status status="PASS" starttime="20231205 13:47:28.649" endtime="20231205 13:47:28.725"/>
</kw>
<status status="PASS" starttime="20231205 13:47:27.903" endtime="20231205 13:47:28.725"/>
</kw>
<kw name="Input Password On Login Page" library="loginPage">
<arg>${VALID_PASSWORD}</arg>
<kw name="Wait Until Element Is Visible" library="AppiumLibrary">
<arg>${password-input}</arg>
<doc>Waits until element specified with `locator` is visible.</doc>
<msg timestamp="20231205 13:47:29.227" level="INFO">xpath criteria: //*[@resource-id="com.example.myapplication:id/password"]</msg>
<status status="PASS" starttime="20231205 13:47:28.726" endtime="20231205 13:47:29.227"/>
</kw>
<kw name="Input Text" library="AppiumLibrary">
<arg>${password-input}</arg>
<arg>${pasword}</arg>
<doc>Types the given `text` into text field identified by `locator`.</doc>
<msg timestamp="20231205 13:47:29.230" level="INFO">Typing text 'abc123' into text field '//*[@resource-id="com.example.myapplication:id/password"]'</msg>
<msg timestamp="20231205 13:47:29.297" level="INFO">xpath criteria: //*[@resource-id="com.example.myapplication:id/password"]</msg>
<status status="PASS" starttime="20231205 13:47:29.227" endtime="20231205 13:47:29.297"/>
</kw>
<status status="PASS" starttime="20231205 13:47:28.725" endtime="20231205 13:47:29.297"/>
</kw>
<kw name="Click Sign In Button On Login Page" library="loginPage">
<kw name="Click Element" library="AppiumLibrary">
<arg>${sign-in-button}</arg>
<doc>Click element identified by `locator`.</doc>
<msg timestamp="20231205 13:47:29.301" level="INFO">Clicking element '//*[@resource-id="com.example.myapplication:id/signIn"]'.</msg>
<msg timestamp="20231205 13:47:29.871" level="INFO">xpath criteria: //*[@resource-id="com.example.myapplication:id/signIn"]</msg>
<status status="PASS" starttime="20231205 13:47:29.298" endtime="20231205 13:47:29.872"/>
</kw>
<status status="PASS" starttime="20231205 13:47:29.297" endtime="20231205 13:47:29.872"/>
</kw>
<kw name="Click Button Book" library="bookPage">
<kw name="Wait Until Element Is Visible" library="AppiumLibrary">
<arg>${home-page}</arg>
<doc>Waits until element specified with `locator` is visible.</doc>
<msg timestamp="20231205 13:47:30.575" level="INFO">xpath criteria: //*[@resource-id="com.example.myapplication:id/textView"]
xpath criteria: //*[@resource-id="com.example.myapplication:id/textView"]</msg>
<status status="PASS" starttime="20231205 13:47:29.873" endtime="20231205 13:47:30.575"/>
</kw>
<kw name="Click Element" library="AppiumLibrary">
<arg>${button-book}</arg>
<doc>Click element identified by `locator`.</doc>
<msg timestamp="20231205 13:47:30.578" level="INFO">Clicking element '//*[@resource-id="com.example.myapplication:id/book"]'.</msg>
<msg timestamp="20231205 13:47:30.650" level="INFO">xpath criteria: //*[@resource-id="com.example.myapplication:id/book"]</msg>
<status status="PASS" starttime="20231205 13:47:30.576" endtime="20231205 13:47:30.650"/>
</kw>
<status status="PASS" starttime="20231205 13:47:29.872" endtime="20231205 13:47:30.650"/>
</kw>
<kw name="Select Bar Tab One Way" library="bookPage">
<kw name="Wait Until Element Is Visible" library="AppiumLibrary">
<arg>${bar-tab-one-way}</arg>
<doc>Waits until element specified with `locator` is visible.</doc>
<msg timestamp="20231205 13:47:31.542" level="INFO">xpath criteria: //*[@content-desc="One Way"]
xpath criteria: //*[@content-desc="One Way"]</msg>
<status status="PASS" starttime="20231205 13:47:30.651" endtime="20231205 13:47:31.543"/>
</kw>
<kw name="Click Element" library="AppiumLibrary">
<arg>${bar-tab-one-way}</arg>
<doc>Click element identified by `locator`.</doc>
<msg timestamp="20231205 13:47:31.545" level="INFO">Clicking element '//*[@content-desc="One Way"]'.</msg>
<msg timestamp="20231205 13:47:31.636" level="INFO">xpath criteria: //*[@content-desc="One Way"]</msg>
<status status="PASS" starttime="20231205 13:47:31.543" endtime="20231205 13:47:31.636"/>
</kw>
<status status="PASS" starttime="20231205 13:47:30.650" endtime="20231205 13:47:31.636"/>
</kw>
<kw name="Select From City" library="bookPage">
<kw name="Wait Until Element Is Visible" library="AppiumLibrary">
<arg>${from-city}</arg>
<doc>Waits until element specified with `locator` is visible.</doc>
<msg timestamp="20231205 13:47:32.143" level="INFO">xpath criteria: //*[@resource-id="com.example.myapplication:id/spinnerFrom"]</msg>
<status status="PASS" starttime="20231205 13:47:31.637" endtime="20231205 13:47:32.143"/>
</kw>
<kw name="Click Element" library="AppiumLibrary">
<arg>${from-city}</arg>
<doc>Click element identified by `locator`.</doc>
<msg timestamp="20231205 13:47:32.146" level="INFO">Clicking element '//*[@resource-id="com.example.myapplication:id/spinnerFrom"]'.</msg>
<msg timestamp="20231205 13:47:32.237" level="INFO">xpath criteria: //*[@resource-id="com.example.myapplication:id/spinnerFrom"]</msg>
<status status="PASS" starttime="20231205 13:47:32.143" endtime="20231205 13:47:32.237"/>
</kw>
<kw name="Wait Until Element Is Visible" library="AppiumLibrary">
<arg>${from-city-1}</arg>
<doc>Waits until element specified with `locator` is visible.</doc>
<msg timestamp="20231205 13:47:33.155" level="INFO">xpath criteria: //*[@resource-id="android:id/text1" and @text="New York"]
xpath criteria: //*[@resource-id="android:id/text1" and @text="New York"]</msg>
<status status="PASS" starttime="20231205 13:47:32.237" endtime="20231205 13:47:33.156"/>
</kw>
<kw name="Click Element" library="AppiumLibrary">
<arg>${from-city-1}</arg>
<doc>Click element identified by `locator`.</doc>
<msg timestamp="20231205 13:47:33.158" level="INFO">Clicking element '//*[@resource-id="android:id/text1" and @text="New York"]'.</msg>
<msg timestamp="20231205 13:47:33.857" level="INFO">xpath criteria: //*[@resource-id="android:id/text1" and @text="New York"]</msg>
<status status="PASS" starttime="20231205 13:47:33.156" endtime="20231205 13:47:33.857"/>
</kw>
<status status="PASS" starttime="20231205 13:47:31.637" endtime="20231205 13:47:33.857"/>
</kw>
<kw name="Select To City" library="bookPage">
<kw name="Click Element" library="AppiumLibrary">
<arg>${to-city}</arg>
<doc>Click element identified by `locator`.</doc>
<msg timestamp="20231205 13:47:33.861" level="INFO">Clicking element '//*[@resource-id="com.example.myapplication:id/spinnerTo"]'.</msg>
<msg timestamp="20231205 13:47:33.995" level="INFO">xpath criteria: //*[@resource-id="com.example.myapplication:id/spinnerTo"]</msg>
<status status="PASS" starttime="20231205 13:47:33.859" endtime="20231205 13:47:33.995"/>
</kw>
<kw name="Wait Until Element Is Visible" library="AppiumLibrary">
<arg>${to-city-1}</arg>
<doc>Waits until element specified with `locator` is visible.</doc>
<msg timestamp="20231205 13:47:34.882" level="INFO">xpath criteria: //*[@resource-id="android:id/text1" and @text="London"]
xpath criteria: //*[@resource-id="android:id/text1" and @text="London"]</msg>
<status status="PASS" starttime="20231205 13:47:33.995" endtime="20231205 13:47:34.882"/>
</kw>
<kw name="Click Element" library="AppiumLibrary">
<arg>${to-city-1}</arg>
<doc>Click element identified by `locator`.</doc>
<msg timestamp="20231205 13:47:34.884" level="INFO">Clicking element '//*[@resource-id="android:id/text1" and @text="London"]'.</msg>
<msg timestamp="20231205 13:47:35.571" level="INFO">xpath criteria: //*[@resource-id="android:id/text1" and @text="London"]</msg>
<status status="PASS" starttime="20231205 13:47:34.882" endtime="20231205 13:47:35.571"/>
</kw>
<status status="PASS" starttime="20231205 13:47:33.858" endtime="20231205 13:47:35.571"/>
</kw>
<kw name="Select Class" library="bookPage">
<kw name="Click Element" library="AppiumLibrary">
<arg>${class}</arg>
<doc>Click element identified by `locator`.</doc>
<msg timestamp="20231205 13:47:35.576" level="INFO">Clicking element '//*[@resource-id="com.example.myapplication:id/spinnerClass"]'.</msg>
<msg timestamp="20231205 13:47:35.674" level="INFO">xpath criteria: //*[@resource-id="com.example.myapplication:id/spinnerClass"]</msg>
<status status="PASS" starttime="20231205 13:47:35.573" endtime="20231205 13:47:35.674"/>
</kw>
<kw name="Wait Until Element Is Visible" library="AppiumLibrary">
<arg>${class-1}</arg>
<doc>Waits until element specified with `locator` is visible.</doc>
<msg timestamp="20231205 13:47:36.560" level="INFO">xpath criteria: //*[@resource-id="android:id/text1" and @text="Economy"]
xpath criteria: //*[@resource-id="android:id/text1" and @text="Economy"]</msg>
<status status="PASS" starttime="20231205 13:47:35.674" endtime="20231205 13:47:36.560"/>
</kw>
<kw name="Click Element" library="AppiumLibrary">
<arg>${class-1}</arg>
<doc>Click element identified by `locator`.</doc>
<msg timestamp="20231205 13:47:36.563" level="INFO">Clicking element '//*[@resource-id="android:id/text1" and @text="Economy"]'.</msg>
<msg timestamp="20231205 13:47:37.252" level="INFO">xpath criteria: //*[@resource-id="android:id/text1" and @text="Economy"]</msg>
<status status="PASS" starttime="20231205 13:47:36.561" endtime="20231205 13:47:37.253"/>
</kw>
<status status="PASS" starttime="20231205 13:47:35.572" endtime="20231205 13:47:37.253"/>
</kw>
<kw name="Select Start Date" library="bookPage">
<kw name="Click Element" library="AppiumLibrary">
<arg>${start-date}</arg>
<doc>Click element identified by `locator`.</doc>
<msg timestamp="20231205 13:47:37.256" level="INFO">Clicking element '//*[@resource-id="com.example.myapplication:id/textStartDate"]'.</msg>
<msg timestamp="20231205 13:47:37.353" level="INFO">xpath criteria: //*[@resource-id="com.example.myapplication:id/textStartDate"]</msg>
<status status="PASS" starttime="20231205 13:47:37.254" endtime="20231205 13:47:37.353"/>
</kw>
<kw name="Wait Until Element Is Visible" library="AppiumLibrary">
<arg>${choose-start-date}</arg>
<doc>Waits until element specified with `locator` is visible.</doc>
<msg timestamp="20231205 13:47:38.156" level="INFO">xpath criteria: //*[@content-desc="01 August 2019"]
xpath criteria: //*[@content-desc="01 August 2019"]</msg>
<status status="PASS" starttime="20231205 13:47:37.353" endtime="20231205 13:47:38.156"/>
</kw>
<kw name="Click Element" library="AppiumLibrary">
<arg>${choose-start-date}</arg>
<doc>Click element identified by `locator`.</doc>
<msg timestamp="20231205 13:47:38.159" level="INFO">Clicking element '//*[@content-desc="01 August 2019"]'.</msg>
<msg timestamp="20231205 13:47:38.811" level="INFO">xpath criteria: //*[@content-desc="01 August 2019"]</msg>
<status status="PASS" starttime="20231205 13:47:38.157" endtime="20231205 13:47:38.811"/>
</kw>
<kw name="Click Element" library="AppiumLibrary">
<arg>${button-ok-date}</arg>
<doc>Click element identified by `locator`.</doc>
<msg timestamp="20231205 13:47:38.814" level="INFO">Clicking element '//*[@resource-id="android:id/button1"]'.</msg>
<msg timestamp="20231205 13:47:38.972" level="INFO">xpath criteria: //*[@resource-id="android:id/button1"]</msg>
<status status="PASS" starttime="20231205 13:47:38.811" endtime="20231205 13:47:38.972"/>
</kw>
<status status="PASS" starttime="20231205 13:47:37.253" endtime="20231205 13:47:38.972"/>
</kw>
<kw name="Select End Date" library="bookPage">
<kw name="Click Element" library="AppiumLibrary">
<arg>${end-date}</arg>
<doc>Click element identified by `locator`.</doc>
<msg timestamp="20231205 13:47:38.978" level="INFO">Clicking element '//*[@resource-id="com.example.myapplication:id/textEndDate"]'.</msg>
<msg timestamp="20231205 13:47:39.585" level="INFO">xpath criteria: //*[@resource-id="com.example.myapplication:id/textEndDate"]</msg>
<status status="PASS" starttime="20231205 13:47:38.973" endtime="20231205 13:47:39.586"/>
</kw>
<kw name="Wait Until Element Is Visible" library="AppiumLibrary">
<arg>${choose-end-date}</arg>
<doc>Waits until element specified with `locator` is visible.</doc>
<msg timestamp="20231205 13:47:40.267" level="INFO">xpath criteria: //*[@content-desc="02 August 2019"]
xpath criteria: //*[@content-desc="02 August 2019"]</msg>
<status status="PASS" starttime="20231205 13:47:39.586" endtime="20231205 13:47:40.267"/>
</kw>
<kw name="Click Element" library="AppiumLibrary">
<arg>${choose-end-date}</arg>
<doc>Click element identified by `locator`.</doc>
<msg timestamp="20231205 13:47:40.269" level="INFO">Clicking element '//*[@content-desc="02 August 2019"]'.</msg>
<msg timestamp="20231205 13:47:40.994" level="INFO">xpath criteria: //*[@content-desc="02 August 2019"]</msg>
<status status="PASS" starttime="20231205 13:47:40.267" endtime="20231205 13:47:40.994"/>
</kw>
<kw name="Click Element" library="AppiumLibrary">
<arg>${button-ok-date}</arg>
<doc>Click element identified by `locator`.</doc>
<msg timestamp="20231205 13:47:40.997" level="INFO">Clicking element '//*[@resource-id="android:id/button1"]'.</msg>
<msg timestamp="20231205 13:47:41.121" level="INFO">xpath criteria: //*[@resource-id="android:id/button1"]</msg>
<status status="PASS" starttime="20231205 13:47:40.994" endtime="20231205 13:47:41.121"/>
</kw>
<status status="PASS" starttime="20231205 13:47:38.973" endtime="20231205 13:47:41.121"/>
</kw>
<kw name="Select Radio Button Flight" library="bookPage">
<kw name="Click Element" library="AppiumLibrary">
<arg>${radio-button-flight}</arg>
<doc>Click element identified by `locator`.</doc>
<msg timestamp="20231205 13:47:41.127" level="INFO">Clicking element '//*[@resource-id="com.example.myapplication:id/radioButtonFlight"]'.</msg>
<msg timestamp="20231205 13:47:41.736" level="INFO">xpath criteria: //*[@resource-id="com.example.myapplication:id/radioButtonFlight"]</msg>
<status status="PASS" starttime="20231205 13:47:41.122" endtime="20231205 13:47:41.737"/>
</kw>
<status status="PASS" starttime="20231205 13:47:41.121" endtime="20231205 13:47:41.737"/>
</kw>
<kw name="Select Checkbox Day" library="bookPage">
<kw name="Click Element" library="AppiumLibrary">
<arg>${checkbox-day}</arg>
<doc>Click element identified by `locator`.</doc>
<msg timestamp="20231205 13:47:41.741" level="INFO">Clicking element '//*[@resource-id="com.example.myapplication:id/checkBoxDay"]'.</msg>
<msg timestamp="20231205 13:47:42.386" level="INFO">xpath criteria: //*[@resource-id="com.example.myapplication:id/checkBoxDay"]</msg>
<status status="PASS" starttime="20231205 13:47:41.738" endtime="20231205 13:47:42.386"/>
</kw>
<status status="PASS" starttime="20231205 13:47:41.737" endtime="20231205 13:47:42.386"/>
</kw>
<kw name="Click Button Book Flight" library="bookPage">
<kw name="Click Element" library="AppiumLibrary">
<arg>${button-book-flight}</arg>
<doc>Click element identified by `locator`.</doc>
<msg timestamp="20231205 13:47:42.393" level="INFO">Clicking element '//*[@resource-id="com.example.myapplication:id/book_flight"]'.</msg>
<msg timestamp="20231205 13:47:43.056" level="INFO">xpath criteria: //*[@resource-id="com.example.myapplication:id/book_flight"]</msg>
<status status="PASS" starttime="20231205 13:47:42.387" endtime="20231205 13:47:43.056"/>
</kw>
<status status="PASS" starttime="20231205 13:47:42.387" endtime="20231205 13:47:43.056"/>
</kw>
<kw name="Confirm Your Booking" library="bookPage">
<kw name="Wait Until Element Is Visible" library="AppiumLibrary">
<arg>${textview-click-price}</arg>
<doc>Waits until element specified with `locator` is visible.</doc>
<msg timestamp="20231205 13:47:43.696" level="INFO">xpath criteria: //*[@resource-id="com.example.myapplication:id/textView6"]
xpath criteria: //*[@resource-id="com.example.myapplication:id/textView6"]</msg>
<status status="PASS" starttime="20231205 13:47:43.057" endtime="20231205 13:47:43.696"/>
</kw>
<kw name="Click Element" library="AppiumLibrary">
<arg>${button-price-1}</arg>
<doc>Click element identified by `locator`.</doc>
<msg timestamp="20231205 13:47:43.699" level="INFO">Clicking element '//*[@resource-id="com.example.myapplication:id/price1"]'.</msg>
<msg timestamp="20231205 13:47:43.785" level="INFO">xpath criteria: //*[@resource-id="com.example.myapplication:id/price1"]</msg>
<status status="PASS" starttime="20231205 13:47:43.696" endtime="20231205 13:47:43.785"/>
</kw>
<kw name="Click Element" library="AppiumLibrary">
<arg>${button-confirm}</arg>
<doc>Click element identified by `locator`.</doc>
<msg timestamp="20231205 13:47:43.794" level="INFO">Clicking element '//*[@resource-id="com.example.myapplication:id/confirm_order"]'.</msg>
<msg timestamp="20231205 13:47:44.470" level="INFO">xpath criteria: //*[@resource-id="com.example.myapplication:id/confirm_order"]</msg>
<status status="PASS" starttime="20231205 13:47:43.786" endtime="20231205 13:47:44.470"/>
</kw>
<kw name="Wait Until Element Is Visible" library="AppiumLibrary">
<arg>${textview-flight-is-booked}</arg>
<doc>Waits until element specified with `locator` is visible.</doc>
<msg timestamp="20231205 13:47:45.095" level="INFO">xpath criteria: //*[@resource-id="com.example.myapplication:id/checkedTextView"]
xpath criteria: //*[@resource-id="com.example.myapplication:id/checkedTextView"]</msg>
<status status="PASS" starttime="20231205 13:47:44.471" endtime="20231205 13:47:45.095"/>
</kw>
<status status="PASS" starttime="20231205 13:47:43.057" endtime="20231205 13:47:45.095"/>
</kw>
<kw name="Close Application" library="AppiumLibrary">
<doc>Closes the current application and also close webdriver session.</doc>
<status status="PASS" starttime="20231205 13:47:45.095" endtime="20231205 13:47:45.493"/>
</kw>
<status status="PASS" starttime="20231205 13:47:20.707" endtime="20231205 13:47:45.494"/>
</test>
<test id="s1-t3" name="Book Flight Valid On The Bar Tab Round Trip" line="42">
<kw name="Open Flight Application" library="base">
<kw name="Open Application" library="AppiumLibrary">
<arg>remote_url=${REMOTE_URL}</arg>
<arg>platformName=${PLATFORM_NAME}</arg>
<arg>platformVersion=${PLATFORM_VERSION}</arg>
<arg>deviceName=${DEVICE_NAME}</arg>
<arg>appPackage=${APP_PACKAGE}</arg>
<arg>appActivity=${APP_ACTIVITY}</arg>
<doc>Opens a new application to given Appium server.
Capabilities of appium server, Android and iOS,
Please check https://github.com/appium/appium/blob/master/docs/en/writing-running-appium/server-args.md
| *Option*            | *Man.* | *Description*     |
| remote_url          | Yes    | Appium server url |
| alias               | no     | alias             |
| strict_ssl          | No     | allows you to send commands to an invalid certificate host like a self-signed one. |</doc>
<status status="PASS" starttime="20231205 13:47:45.497" endtime="20231205 13:47:51.882"/>
</kw>
<status status="PASS" starttime="20231205 13:47:45.497" endtime="20231205 13:47:51.882"/>
</kw>
<kw name="Click Sign In Button On Home Page" library="homePage">
<kw name="Wait Until Element Is Visible" library="AppiumLibrary">
<arg>${log-in-button}</arg>
<doc>Waits until element specified with `locator` is visible.</doc>
<msg timestamp="20231205 13:47:52.795" level="INFO">xpath criteria: //*[@resource-id="com.example.myapplication:id/login"]</msg>
<status status="PASS" starttime="20231205 13:47:51.883" endtime="20231205 13:47:52.796"/>
</kw>
<kw name="Click Element" library="AppiumLibrary">
<arg>${log-in-button}</arg>
<doc>Click element identified by `locator`.</doc>
<msg timestamp="20231205 13:47:52.801" level="INFO">Clicking element '//*[@resource-id="com.example.myapplication:id/login"]'.</msg>
<msg timestamp="20231205 13:47:52.920" level="INFO">xpath criteria: //*[@resource-id="com.example.myapplication:id/login"]</msg>
<status status="PASS" starttime="20231205 13:47:52.796" endtime="20231205 13:47:52.920"/>
</kw>
<status status="PASS" starttime="20231205 13:47:51.883" endtime="20231205 13:47:52.920"/>
</kw>
<kw name="Input Username On Login Page" library="loginPage">
<arg>${VALID_USERNAME}</arg>
<kw name="Wait Until Element Is Visible" library="AppiumLibrary">
<arg>${username-input}</arg>
<doc>Waits until element specified with `locator` is visible.</doc>
<msg timestamp="20231205 13:47:53.676" level="INFO">xpath criteria: //*[@resource-id="com.example.myapplication:id/username"]
xpath criteria: //*[@resource-id="com.example.myapplication:id/username"]</msg>
<status status="PASS" starttime="20231205 13:47:52.922" endtime="20231205 13:47:53.677"/>
</kw>
<kw name="Input Text" library="AppiumLibrary">
<arg>${username-input}</arg>
<arg>${username}</arg>
<doc>Types the given `text` into text field identified by `locator`.</doc>
<msg timestamp="20231205 13:47:53.680" level="INFO">Typing text 'support@ngendigital.com' into text field '//*[@resource-id="com.example.myapplication:id/username"]'</msg>
<msg timestamp="20231205 13:47:53.754" level="INFO">xpath criteria: //*[@resource-id="com.example.myapplication:id/username"]</msg>
<status status="PASS" starttime="20231205 13:47:53.677" endtime="20231205 13:47:53.754"/>
</kw>
<status status="PASS" starttime="20231205 13:47:52.921" endtime="20231205 13:47:53.754"/>
</kw>
<kw name="Input Password On Login Page" library="loginPage">
<arg>${VALID_PASSWORD}</arg>
<kw name="Wait Until Element Is Visible" library="AppiumLibrary">
<arg>${password-input}</arg>
<doc>Waits until element specified with `locator` is visible.</doc>
<msg timestamp="20231205 13:47:54.301" level="INFO">xpath criteria: //*[@resource-id="com.example.myapplication:id/password"]</msg>
<status status="PASS" starttime="20231205 13:47:53.756" endtime="20231205 13:47:54.301"/>
</kw>
<kw name="Input Text" library="AppiumLibrary">
<arg>${password-input}</arg>
<arg>${pasword}</arg>
<doc>Types the given `text` into text field identified by `locator`.</doc>
<msg timestamp="20231205 13:47:54.304" level="INFO">Typing text 'abc123' into text field '//*[@resource-id="com.example.myapplication:id/password"]'</msg>
<msg timestamp="20231205 13:47:54.363" level="INFO">xpath criteria: //*[@resource-id="com.example.myapplication:id/password"]</msg>
<status status="PASS" starttime="20231205 13:47:54.302" endtime="20231205 13:47:54.363"/>
</kw>
<status status="PASS" starttime="20231205 13:47:53.754" endtime="20231205 13:47:54.363"/>
</kw>
<kw name="Click Sign In Button On Login Page" library="loginPage">
<kw name="Click Element" library="AppiumLibrary">
<arg>${sign-in-button}</arg>
<doc>Click element identified by `locator`.</doc>
<msg timestamp="20231205 13:47:54.368" level="INFO">Clicking element '//*[@resource-id="com.example.myapplication:id/signIn"]'.</msg>
<msg timestamp="20231205 13:47:54.944" level="INFO">xpath criteria: //*[@resource-id="com.example.myapplication:id/signIn"]</msg>
<status status="PASS" starttime="20231205 13:47:54.365" endtime="20231205 13:47:54.944"/>
</kw>
<status status="PASS" starttime="20231205 13:47:54.364" endtime="20231205 13:47:54.944"/>
</kw>
<kw name="Click Button Book" library="bookPage">
<kw name="Wait Until Element Is Visible" library="AppiumLibrary">
<arg>${home-page}</arg>
<doc>Waits until element specified with `locator` is visible.</doc>
<msg timestamp="20231205 13:47:55.616" level="INFO">xpath criteria: //*[@resource-id="com.example.myapplication:id/textView"]
xpath criteria: //*[@resource-id="com.example.myapplication:id/textView"]</msg>
<status status="PASS" starttime="20231205 13:47:54.945" endtime="20231205 13:47:55.616"/>
</kw>
<kw name="Click Element" library="AppiumLibrary">
<arg>${button-book}</arg>
<doc>Click element identified by `locator`.</doc>
<msg timestamp="20231205 13:47:55.618" level="INFO">Clicking element '//*[@resource-id="com.example.myapplication:id/book"]'.</msg>
<msg timestamp="20231205 13:47:55.710" level="INFO">xpath criteria: //*[@resource-id="com.example.myapplication:id/book"]</msg>
<status status="PASS" starttime="20231205 13:47:55.616" endtime="20231205 13:47:55.711"/>
</kw>
<status status="PASS" starttime="20231205 13:47:54.944" endtime="20231205 13:47:55.711"/>
</kw>
<kw name="Select Bar Tab Round Trip" library="bookPage">
<kw name="Wait Until Element Is Visible" library="AppiumLibrary">
<arg>${bar-tab-round-trip}</arg>
<doc>Waits until element specified with `locator` is visible.</doc>
<msg timestamp="20231205 13:47:56.609" level="INFO">xpath criteria: //*[@content-desc="Round Trip"]
xpath criteria: //*[@content-desc="Round Trip"]</msg>
<status status="PASS" starttime="20231205 13:47:55.713" endtime="20231205 13:47:56.609"/>
</kw>
<kw name="Click Element" library="AppiumLibrary">
<arg>${bar-tab-round-trip}</arg>
<doc>Click element identified by `locator`.</doc>
<msg timestamp="20231205 13:47:56.612" level="INFO">Clicking element '//*[@content-desc="Round Trip"]'.</msg>
<msg timestamp="20231205 13:47:56.704" level="INFO">xpath criteria: //*[@content-desc="Round Trip"]</msg>
<status status="PASS" starttime="20231205 13:47:56.609" endtime="20231205 13:47:56.704"/>
</kw>
<status status="PASS" starttime="20231205 13:47:55.712" endtime="20231205 13:47:56.704"/>
</kw>
<kw name="Select From City" library="bookPage">
<kw name="Wait Until Element Is Visible" library="AppiumLibrary">
<arg>${from-city}</arg>
<doc>Waits until element specified with `locator` is visible.</doc>
<msg timestamp="20231205 13:47:57.209" level="INFO">xpath criteria: //*[@resource-id="com.example.myapplication:id/spinnerFrom"]</msg>
<status status="PASS" starttime="20231205 13:47:56.706" endtime="20231205 13:47:57.209"/>
</kw>
<kw name="Click Element" library="AppiumLibrary">
<arg>${from-city}</arg>
<doc>Click element identified by `locator`.</doc>
<msg timestamp="20231205 13:47:57.212" level="INFO">Clicking element '//*[@resource-id="com.example.myapplication:id/spinnerFrom"]'.</msg>
<msg timestamp="20231205 13:47:57.322" level="INFO">xpath criteria: //*[@resource-id="com.example.myapplication:id/spinnerFrom"]</msg>
<status status="PASS" starttime="20231205 13:47:57.209" endtime="20231205 13:47:57.322"/>
</kw>
<kw name="Wait Until Element Is Visible" library="AppiumLibrary">
<arg>${from-city-1}</arg>
<doc>Waits until element specified with `locator` is visible.</doc>
<msg timestamp="20231205 13:47:58.232" level="INFO">xpath criteria: //*[@resource-id="android:id/text1" and @text="New York"]
xpath criteria: //*[@resource-id="android:id/text1" and @text="New York"]</msg>
<status status="PASS" starttime="20231205 13:47:57.322" endtime="20231205 13:47:58.232"/>
</kw>
<kw name="Click Element" library="AppiumLibrary">
<arg>${from-city-1}</arg>
<doc>Click element identified by `locator`.</doc>
<msg timestamp="20231205 13:47:58.235" level="INFO">Clicking element '//*[@resource-id="android:id/text1" and @text="New York"]'.</msg>
<msg timestamp="20231205 13:47:58.924" level="INFO">xpath criteria: //*[@resource-id="android:id/text1" and @text="New York"]</msg>
<status status="PASS" starttime="20231205 13:47:58.232" endtime="20231205 13:47:58.925"/>
</kw>
<status status="PASS" starttime="20231205 13:47:56.705" endtime="20231205 13:47:58.925"/>
</kw>
<kw name="Select To City" library="bookPage">
<kw name="Click Element" library="AppiumLibrary">
<arg>${to-city}</arg>
<doc>Click element identified by `locator`.</doc>
<msg timestamp="20231205 13:47:58.927" level="INFO">Clicking element '//*[@resource-id="com.example.myapplication:id/spinnerTo"]'.</msg>
<msg timestamp="20231205 13:47:59.035" level="INFO">xpath criteria: //*[@resource-id="com.example.myapplication:id/spinnerTo"]</msg>
<status status="PASS" starttime="20231205 13:47:58.926" endtime="20231205 13:47:59.036"/>
</kw>
<kw name="Wait Until Element Is Visible" library="AppiumLibrary">
<arg>${to-city-1}</arg>
<doc>Waits until element specified with `locator` is visible.</doc>
<msg timestamp="20231205 13:47:59.944" level="INFO">xpath criteria: //*[@resource-id="android:id/text1" and @text="London"]
xpath criteria: //*[@resource-id="android:id/text1" and @text="London"]</msg>
<status status="PASS" starttime="20231205 13:47:59.036" endtime="20231205 13:47:59.944"/>
</kw>
<kw name="Click Element" library="AppiumLibrary">
<arg>${to-city-1}</arg>
<doc>Click element identified by `locator`.</doc>
<msg timestamp="20231205 13:47:59.947" level="INFO">Clicking element '//*[@resource-id="android:id/text1" and @text="London"]'.</msg>
<msg timestamp="20231205 13:48:00.744" level="INFO">xpath criteria: //*[@resource-id="android:id/text1" and @text="London"]</msg>
<status status="PASS" starttime="20231205 13:47:59.944" endtime="20231205 13:48:00.745"/>
</kw>
<status status="PASS" starttime="20231205 13:47:58.925" endtime="20231205 13:48:00.745"/>
</kw>
<kw name="Select Class" library="bookPage">
<kw name="Click Element" library="AppiumLibrary">
<arg>${class}</arg>
<doc>Click element identified by `locator`.</doc>
<msg timestamp="20231205 13:48:00.748" level="INFO">Clicking element '//*[@resource-id="com.example.myapplication:id/spinnerClass"]'.</msg>
<msg timestamp="20231205 13:48:00.854" level="INFO">xpath criteria: //*[@resource-id="com.example.myapplication:id/spinnerClass"]</msg>
<status status="PASS" starttime="20231205 13:48:00.746" endtime="20231205 13:48:00.854"/>
</kw>
<kw name="Wait Until Element Is Visible" library="AppiumLibrary">
<arg>${class-1}</arg>
<doc>Waits until element specified with `locator` is visible.</doc>
<msg timestamp="20231205 13:48:01.773" level="INFO">xpath criteria: //*[@resource-id="android:id/text1" and @text="Economy"]
xpath criteria: //*[@resource-id="android:id/text1" and @text="Economy"]</msg>
<status status="PASS" starttime="20231205 13:48:00.854" endtime="20231205 13:48:01.773"/>
</kw>
<kw name="Click Element" library="AppiumLibrary">
<arg>${class-1}</arg>
<doc>Click element identified by `locator`.</doc>
<msg timestamp="20231205 13:48:01.776" level="INFO">Clicking element '//*[@resource-id="android:id/text1" and @text="Economy"]'.</msg>
<msg timestamp="20231205 13:48:02.469" level="INFO">xpath criteria: //*[@resource-id="android:id/text1" and @text="Economy"]</msg>
<status status="PASS" starttime="20231205 13:48:01.773" endtime="20231205 13:48:02.469"/>
</kw>
<status status="PASS" starttime="20231205 13:48:00.746" endtime="20231205 13:48:02.469"/>
</kw>
<kw name="Select Start Date" library="bookPage">
<kw name="Click Element" library="AppiumLibrary">
<arg>${start-date}</arg>
<doc>Click element identified by `locator`.</doc>
<msg timestamp="20231205 13:48:02.472" level="INFO">Clicking element '//*[@resource-id="com.example.myapplication:id/textStartDate"]'.</msg>
<msg timestamp="20231205 13:48:02.575" level="INFO">xpath criteria: //*[@resource-id="com.example.myapplication:id/textStartDate"]</msg>
<status status="PASS" starttime="20231205 13:48:02.470" endtime="20231205 13:48:02.576"/>
</kw>
<kw name="Wait Until Element Is Visible" library="AppiumLibrary">
<arg>${choose-start-date}</arg>
<doc>Waits until element specified with `locator` is visible.</doc>
<msg timestamp="20231205 13:48:03.332" level="INFO">xpath criteria: //*[@content-desc="01 August 2019"]
xpath criteria: //*[@content-desc="01 August 2019"]</msg>
<status status="PASS" starttime="20231205 13:48:02.576" endtime="20231205 13:48:03.333"/>
</kw>
<kw name="Click Element" library="AppiumLibrary">
<arg>${choose-start-date}</arg>
<doc>Click element identified by `locator`.</doc>
<msg timestamp="20231205 13:48:03.335" level="INFO">Clicking element '//*[@content-desc="01 August 2019"]'.</msg>
<msg timestamp="20231205 13:48:03.962" level="INFO">xpath criteria: //*[@content-desc="01 August 2019"]</msg>
<status status="PASS" starttime="20231205 13:48:03.333" endtime="20231205 13:48:03.962"/>
</kw>
<kw name="Click Element" library="AppiumLibrary">
<arg>${button-ok-date}</arg>
<doc>Click element identified by `locator`.</doc>
<msg timestamp="20231205 13:48:03.965" level="INFO">Clicking element '//*[@resource-id="android:id/button1"]'.</msg>
<msg timestamp="20231205 13:48:04.088" level="INFO">xpath criteria: //*[@resource-id="android:id/button1"]</msg>
<status status="PASS" starttime="20231205 13:48:03.963" endtime="20231205 13:48:04.088"/>
</kw>
<status status="PASS" starttime="20231205 13:48:02.470" endtime="20231205 13:48:04.088"/>
</kw>
<kw name="Select End Date" library="bookPage">
<kw name="Click Element" library="AppiumLibrary">
<arg>${end-date}</arg>
<doc>Click element identified by `locator`.</doc>
<msg timestamp="20231205 13:48:04.095" level="INFO">Clicking element '//*[@resource-id="com.example.myapplication:id/textEndDate"]'.</msg>
<msg timestamp="20231205 13:48:04.712" level="INFO">xpath criteria: //*[@resource-id="com.example.myapplication:id/textEndDate"]</msg>
<status status="PASS" starttime="20231205 13:48:04.089" endtime="20231205 13:48:04.712"/>
</kw>
<kw name="Wait Until Element Is Visible" library="AppiumLibrary">
<arg>${choose-end-date}</arg>
<doc>Waits until element specified with `locator` is visible.</doc>
<msg timestamp="20231205 13:48:05.402" level="INFO">xpath criteria: //*[@content-desc="02 August 2019"]
xpath criteria: //*[@content-desc="02 August 2019"]</msg>
<status status="PASS" starttime="20231205 13:48:04.712" endtime="20231205 13:48:05.403"/>
</kw>
<kw name="Click Element" library="AppiumLibrary">
<arg>${choose-end-date}</arg>
<doc>Click element identified by `locator`.</doc>
<msg timestamp="20231205 13:48:05.405" level="INFO">Clicking element '//*[@content-desc="02 August 2019"]'.</msg>
<msg timestamp="20231205 13:48:06.128" level="INFO">xpath criteria: //*[@content-desc="02 August 2019"]</msg>
<status status="PASS" starttime="20231205 13:48:05.403" endtime="20231205 13:48:06.128"/>
</kw>
<kw name="Click Element" library="AppiumLibrary">
<arg>${button-ok-date}</arg>
<doc>Click element identified by `locator`.</doc>
<msg timestamp="20231205 13:48:06.130" level="INFO">Clicking element '//*[@resource-id="android:id/button1"]'.</msg>
<msg timestamp="20231205 13:48:06.270" level="INFO">xpath criteria: //*[@resource-id="android:id/button1"]</msg>
<status status="PASS" starttime="20231205 13:48:06.128" endtime="20231205 13:48:06.270"/>
</kw>
<status status="PASS" starttime="20231205 13:48:04.089" endtime="20231205 13:48:06.270"/>
</kw>
<kw name="Select Radio Button Flight" library="bookPage">
<kw name="Click Element" library="AppiumLibrary">
<arg>${radio-button-flight}</arg>
<doc>Click element identified by `locator`.</doc>
<msg timestamp="20231205 13:48:06.277" level="INFO">Clicking element '//*[@resource-id="com.example.myapplication:id/radioButtonFlight"]'.</msg>
<msg timestamp="20231205 13:48:06.871" level="INFO">xpath criteria: //*[@resource-id="com.example.myapplication:id/radioButtonFlight"]</msg>
<status status="PASS" starttime="20231205 13:48:06.271" endtime="20231205 13:48:06.871"/>
</kw>
<status status="PASS" starttime="20231205 13:48:06.270" endtime="20231205 13:48:06.872"/>
</kw>
<kw name="Select Checkbox Day" library="bookPage">
<kw name="Click Element" library="AppiumLibrary">
<arg>${checkbox-day}</arg>
<doc>Click element identified by `locator`.</doc>
<msg timestamp="20231205 13:48:06.877" level="INFO">Clicking element '//*[@resource-id="com.example.myapplication:id/checkBoxDay"]'.</msg>
<msg timestamp="20231205 13:48:07.517" level="INFO">xpath criteria: //*[@resource-id="com.example.myapplication:id/checkBoxDay"]</msg>
<status status="PASS" starttime="20231205 13:48:06.873" endtime="20231205 13:48:07.517"/>
</kw>
<status status="PASS" starttime="20231205 13:48:06.872" endtime="20231205 13:48:07.517"/>
</kw>
<kw name="Click Button Book Flight" library="bookPage">
<kw name="Click Element" library="AppiumLibrary">
<arg>${button-book-flight}</arg>
<doc>Click element identified by `locator`.</doc>
<msg timestamp="20231205 13:48:07.524" level="INFO">Clicking element '//*[@resource-id="com.example.myapplication:id/book_flight"]'.</msg>
<msg timestamp="20231205 13:48:08.173" level="INFO">xpath criteria: //*[@resource-id="com.example.myapplication:id/book_flight"]</msg>
<status status="PASS" starttime="20231205 13:48:07.518" endtime="20231205 13:48:08.173"/>
</kw>
<status status="PASS" starttime="20231205 13:48:07.518" endtime="20231205 13:48:08.173"/>
</kw>
<kw name="Confirm Your Booking" library="bookPage">
<kw name="Wait Until Element Is Visible" library="AppiumLibrary">
<arg>${textview-click-price}</arg>
<doc>Waits until element specified with `locator` is visible.</doc>
<msg timestamp="20231205 13:48:08.830" level="INFO">xpath criteria: //*[@resource-id="com.example.myapplication:id/textView6"]</msg>
<status status="PASS" starttime="20231205 13:48:08.174" endtime="20231205 13:48:08.830"/>
</kw>
<kw name="Click Element" library="AppiumLibrary">
<arg>${button-price-1}</arg>
<doc>Click element identified by `locator`.</doc>
<msg timestamp="20231205 13:48:08.833" level="INFO">Clicking element '//*[@resource-id="com.example.myapplication:id/price1"]'.</msg>
<msg timestamp="20231205 13:48:08.907" level="INFO">xpath criteria: //*[@resource-id="com.example.myapplication:id/price1"]</msg>
<status status="PASS" starttime="20231205 13:48:08.830" endtime="20231205 13:48:08.907"/>
</kw>
<kw name="Click Element" library="AppiumLibrary">
<arg>${button-confirm}</arg>
<doc>Click element identified by `locator`.</doc>
<msg timestamp="20231205 13:48:08.916" level="INFO">Clicking element '//*[@resource-id="com.example.myapplication:id/confirm_order"]'.</msg>
<msg timestamp="20231205 13:48:09.574" level="INFO">xpath criteria: //*[@resource-id="com.example.myapplication:id/confirm_order"]</msg>
<status status="PASS" starttime="20231205 13:48:08.907" endtime="20231205 13:48:09.574"/>
</kw>
<kw name="Wait Until Element Is Visible" library="AppiumLibrary">
<arg>${textview-flight-is-booked}</arg>
<doc>Waits until element specified with `locator` is visible.</doc>
<msg timestamp="20231205 13:48:10.343" level="INFO">xpath criteria: //*[@resource-id="com.example.myapplication:id/checkedTextView"]
xpath criteria: //*[@resource-id="com.example.myapplication:id/checkedTextView"]</msg>
<status status="PASS" starttime="20231205 13:48:09.574" endtime="20231205 13:48:10.343"/>
</kw>
<status status="PASS" starttime="20231205 13:48:08.174" endtime="20231205 13:48:10.343"/>
</kw>
<kw name="Close Application" library="AppiumLibrary">
<doc>Closes the current application and also close webdriver session.</doc>
<status status="PASS" starttime="20231205 13:48:10.343" endtime="20231205 13:48:10.891"/>
</kw>
<status status="PASS" starttime="20231205 13:47:45.496" endtime="20231205 13:48:10.892"/>
</test>
<test id="s1-t4" name="Book Flight And Hotel Valid On The Bar Tab One Way" line="61">
<kw name="Open Flight Application" library="base">
<kw name="Open Application" library="AppiumLibrary">
<arg>remote_url=${REMOTE_URL}</arg>
<arg>platformName=${PLATFORM_NAME}</arg>
<arg>platformVersion=${PLATFORM_VERSION}</arg>
<arg>deviceName=${DEVICE_NAME}</arg>
<arg>appPackage=${APP_PACKAGE}</arg>
<arg>appActivity=${APP_ACTIVITY}</arg>
<doc>Opens a new application to given Appium server.
Capabilities of appium server, Android and iOS,
Please check https://github.com/appium/appium/blob/master/docs/en/writing-running-appium/server-args.md
| *Option*            | *Man.* | *Description*     |
| remote_url          | Yes    | Appium server url |
| alias               | no     | alias             |
| strict_ssl          | No     | allows you to send commands to an invalid certificate host like a self-signed one. |</doc>
<status status="PASS" starttime="20231205 13:48:10.895" endtime="20231205 13:48:17.142"/>
</kw>
<status status="PASS" starttime="20231205 13:48:10.894" endtime="20231205 13:48:17.142"/>
</kw>
<kw name="Click Sign In Button On Home Page" library="homePage">
<kw name="Wait Until Element Is Visible" library="AppiumLibrary">
<arg>${log-in-button}</arg>
<doc>Waits until element specified with `locator` is visible.</doc>
<msg timestamp="20231205 13:48:18.091" level="INFO">xpath criteria: //*[@resource-id="com.example.myapplication:id/login"]</msg>
<status status="PASS" starttime="20231205 13:48:17.143" endtime="20231205 13:48:18.091"/>
</kw>
<kw name="Click Element" library="AppiumLibrary">
<arg>${log-in-button}</arg>
<doc>Click element identified by `locator`.</doc>
<msg timestamp="20231205 13:48:18.094" level="INFO">Clicking element '//*[@resource-id="com.example.myapplication:id/login"]'.</msg>
<msg timestamp="20231205 13:48:18.202" level="INFO">xpath criteria: //*[@resource-id="com.example.myapplication:id/login"]</msg>
<status status="PASS" starttime="20231205 13:48:18.092" endtime="20231205 13:48:18.202"/>
</kw>
<status status="PASS" starttime="20231205 13:48:17.143" endtime="20231205 13:48:18.202"/>
</kw>
<kw name="Input Username On Login Page" library="loginPage">
<arg>${VALID_USERNAME}</arg>
<kw name="Wait Until Element Is Visible" library="AppiumLibrary">
<arg>${username-input}</arg>
<doc>Waits until element specified with `locator` is visible.</doc>
<msg timestamp="20231205 13:48:18.934" level="INFO">xpath criteria: //*[@resource-id="com.example.myapplication:id/username"]
xpath criteria: //*[@resource-id="com.example.myapplication:id/username"]</msg>
<status status="PASS" starttime="20231205 13:48:18.204" endtime="20231205 13:48:18.934"/>
</kw>
<kw name="Input Text" library="AppiumLibrary">
<arg>${username-input}</arg>
<arg>${username}</arg>
<doc>Types the given `text` into text field identified by `locator`.</doc>
<msg timestamp="20231205 13:48:18.936" level="INFO">Typing text 'support@ngendigital.com' into text field '//*[@resource-id="com.example.myapplication:id/username"]'</msg>
<msg timestamp="20231205 13:48:19.009" level="INFO">xpath criteria: //*[@resource-id="com.example.myapplication:id/username"]</msg>
<status status="PASS" starttime="20231205 13:48:18.934" endtime="20231205 13:48:19.009"/>
</kw>
<status status="PASS" starttime="20231205 13:48:18.203" endtime="20231205 13:48:19.009"/>
</kw>
<kw name="Input Password On Login Page" library="loginPage">
<arg>${VALID_PASSWORD}</arg>
<kw name="Wait Until Element Is Visible" library="AppiumLibrary">
<arg>${password-input}</arg>
<doc>Waits until element specified with `locator` is visible.</doc>
<msg timestamp="20231205 13:48:19.513" level="INFO">xpath criteria: //*[@resource-id="com.example.myapplication:id/password"]</msg>
<status status="PASS" starttime="20231205 13:48:19.010" endtime="20231205 13:48:19.513"/>
</kw>
<kw name="Input Text" library="AppiumLibrary">
<arg>${password-input}</arg>
<arg>${pasword}</arg>
<doc>Types the given `text` into text field identified by `locator`.</doc>
<msg timestamp="20231205 13:48:19.516" level="INFO">Typing text 'abc123' into text field '//*[@resource-id="com.example.myapplication:id/password"]'</msg>
<msg timestamp="20231205 13:48:19.575" level="INFO">xpath criteria: //*[@resource-id="com.example.myapplication:id/password"]</msg>
<status status="PASS" starttime="20231205 13:48:19.514" endtime="20231205 13:48:19.575"/>
</kw>
<status status="PASS" starttime="20231205 13:48:19.010" endtime="20231205 13:48:19.575"/>
</kw>
<kw name="Click Sign In Button On Login Page" library="loginPage">
<kw name="Click Element" library="AppiumLibrary">
<arg>${sign-in-button}</arg>
<doc>Click element identified by `locator`.</doc>
<msg timestamp="20231205 13:48:19.578" level="INFO">Clicking element '//*[@resource-id="com.example.myapplication:id/signIn"]'.</msg>
<msg timestamp="20231205 13:48:20.157" level="INFO">xpath criteria: //*[@resource-id="com.example.myapplication:id/signIn"]</msg>
<status status="PASS" starttime="20231205 13:48:19.576" endtime="20231205 13:48:20.157"/>
</kw>
<status status="PASS" starttime="20231205 13:48:19.576" endtime="20231205 13:48:20.157"/>
</kw>
<kw name="Click Button Book" library="bookPage">
<kw name="Wait Until Element Is Visible" library="AppiumLibrary">
<arg>${home-page}</arg>
<doc>Waits until element specified with `locator` is visible.</doc>
<msg timestamp="20231205 13:48:20.834" level="INFO">xpath criteria: //*[@resource-id="com.example.myapplication:id/textView"]
xpath criteria: //*[@resource-id="com.example.myapplication:id/textView"]</msg>
<status status="PASS" starttime="20231205 13:48:20.158" endtime="20231205 13:48:20.834"/>
</kw>
<kw name="Click Element" library="AppiumLibrary">
<arg>${button-book}</arg>
<doc>Click element identified by `locator`.</doc>
<msg timestamp="20231205 13:48:20.837" level="INFO">Clicking element '//*[@resource-id="com.example.myapplication:id/book"]'.</msg>
<msg timestamp="20231205 13:48:20.924" level="INFO">xpath criteria: //*[@resource-id="com.example.myapplication:id/book"]</msg>
<status status="PASS" starttime="20231205 13:48:20.835" endtime="20231205 13:48:20.925"/>
</kw>
<status status="PASS" starttime="20231205 13:48:20.157" endtime="20231205 13:48:20.925"/>
</kw>
<kw name="Select Bar Tab One Way" library="bookPage">
<kw name="Wait Until Element Is Visible" library="AppiumLibrary">
<arg>${bar-tab-one-way}</arg>
<doc>Waits until element specified with `locator` is visible.</doc>
<msg timestamp="20231205 13:48:21.861" level="INFO">xpath criteria: //*[@content-desc="One Way"]
xpath criteria: //*[@content-desc="One Way"]</msg>
<status status="PASS" starttime="20231205 13:48:20.928" endtime="20231205 13:48:21.861"/>
</kw>
<kw name="Click Element" library="AppiumLibrary">
<arg>${bar-tab-one-way}</arg>
<doc>Click element identified by `locator`.</doc>
<msg timestamp="20231205 13:48:21.864" level="INFO">Clicking element '//*[@content-desc="One Way"]'.</msg>
<msg timestamp="20231205 13:48:21.960" level="INFO">xpath criteria: //*[@content-desc="One Way"]</msg>
<status status="PASS" starttime="20231205 13:48:21.861" endtime="20231205 13:48:21.960"/>
</kw>
<status status="PASS" starttime="20231205 13:48:20.928" endtime="20231205 13:48:21.960"/>
</kw>
<kw name="Select From City" library="bookPage">
<kw name="Wait Until Element Is Visible" library="AppiumLibrary">
<arg>${from-city}</arg>
<doc>Waits until element specified with `locator` is visible.</doc>
<msg timestamp="20231205 13:48:22.508" level="INFO">xpath criteria: //*[@resource-id="com.example.myapplication:id/spinnerFrom"]</msg>
<status status="PASS" starttime="20231205 13:48:21.961" endtime="20231205 13:48:22.508"/>
</kw>
<kw name="Click Element" library="AppiumLibrary">
<arg>${from-city}</arg>
<doc>Click element identified by `locator`.</doc>
<msg timestamp="20231205 13:48:22.510" level="INFO">Clicking element '//*[@resource-id="com.example.myapplication:id/spinnerFrom"]'.</msg>
<msg timestamp="20231205 13:48:22.602" level="INFO">xpath criteria: //*[@resource-id="com.example.myapplication:id/spinnerFrom"]</msg>
<status status="PASS" starttime="20231205 13:48:22.508" endtime="20231205 13:48:22.603"/>
</kw>
<kw name="Wait Until Element Is Visible" library="AppiumLibrary">
<arg>${from-city-1}</arg>
<doc>Waits until element specified with `locator` is visible.</doc>
<msg timestamp="20231205 13:48:23.518" level="INFO">xpath criteria: //*[@resource-id="android:id/text1" and @text="New York"]
xpath criteria: //*[@resource-id="android:id/text1" and @text="New York"]</msg>
<status status="PASS" starttime="20231205 13:48:22.603" endtime="20231205 13:48:23.518"/>
</kw>
<kw name="Click Element" library="AppiumLibrary">
<arg>${from-city-1}</arg>
<doc>Click element identified by `locator`.</doc>
<msg timestamp="20231205 13:48:23.521" level="INFO">Clicking element '//*[@resource-id="android:id/text1" and @text="New York"]'.</msg>
<msg timestamp="20231205 13:48:24.226" level="INFO">xpath criteria: //*[@resource-id="android:id/text1" and @text="New York"]</msg>
<status status="PASS" starttime="20231205 13:48:23.518" endtime="20231205 13:48:24.226"/>
</kw>
<status status="PASS" starttime="20231205 13:48:21.961" endtime="20231205 13:48:24.226"/>
</kw>
<kw name="Select To City" library="bookPage">
<kw name="Click Element" library="AppiumLibrary">
<arg>${to-city}</arg>
<doc>Click element identified by `locator`.</doc>
<msg timestamp="20231205 13:48:24.230" level="INFO">Clicking element '//*[@resource-id="com.example.myapplication:id/spinnerTo"]'.</msg>
<msg timestamp="20231205 13:48:24.334" level="INFO">xpath criteria: //*[@resource-id="com.example.myapplication:id/spinnerTo"]</msg>
<status status="PASS" starttime="20231205 13:48:24.227" endtime="20231205 13:48:24.334"/>
</kw>
<kw name="Wait Until Element Is Visible" library="AppiumLibrary">
<arg>${to-city-1}</arg>
<doc>Waits until element specified with `locator` is visible.</doc>
<msg timestamp="20231205 13:48:25.231" level="INFO">xpath criteria: //*[@resource-id="android:id/text1" and @text="London"]
xpath criteria: //*[@resource-id="android:id/text1" and @text="London"]</msg>
<status status="PASS" starttime="20231205 13:48:24.334" endtime="20231205 13:48:25.231"/>
</kw>
<kw name="Click Element" library="AppiumLibrary">
<arg>${to-city-1}</arg>
<doc>Click element identified by `locator`.</doc>
<msg timestamp="20231205 13:48:25.234" level="INFO">Clicking element '//*[@resource-id="android:id/text1" and @text="London"]'.</msg>
<msg timestamp="20231205 13:48:25.937" level="INFO">xpath criteria: //*[@resource-id="android:id/text1" and @text="London"]</msg>
<status status="PASS" starttime="20231205 13:48:25.231" endtime="20231205 13:48:25.938"/>
</kw>
<status status="PASS" starttime="20231205 13:48:24.227" endtime="20231205 13:48:25.938"/>
</kw>
<kw name="Select Class" library="bookPage">
<kw name="Click Element" library="AppiumLibrary">
<arg>${class}</arg>
<doc>Click element identified by `locator`.</doc>
<msg timestamp="20231205 13:48:25.941" level="INFO">Clicking element '//*[@resource-id="com.example.myapplication:id/spinnerClass"]'.</msg>
<msg timestamp="20231205 13:48:26.034" level="INFO">xpath criteria: //*[@resource-id="com.example.myapplication:id/spinnerClass"]</msg>
<status status="PASS" starttime="20231205 13:48:25.939" endtime="20231205 13:48:26.034"/>
</kw>
<kw name="Wait Until Element Is Visible" library="AppiumLibrary">
<arg>${class-1}</arg>
<doc>Waits until element specified with `locator` is visible.</doc>
<msg timestamp="20231205 13:48:26.935" level="INFO">xpath criteria: //*[@resource-id="android:id/text1" and @text="Economy"]
xpath criteria: //*[@resource-id="android:id/text1" and @text="Economy"]</msg>
<status status="PASS" starttime="20231205 13:48:26.034" endtime="20231205 13:48:26.935"/>
</kw>
<kw name="Click Element" library="AppiumLibrary">
<arg>${class-1}</arg>
<doc>Click element identified by `locator`.</doc>
<msg timestamp="20231205 13:48:26.938" level="INFO">Clicking element '//*[@resource-id="android:id/text1" and @text="Economy"]'.</msg>
<msg timestamp="20231205 13:48:27.619" level="INFO">xpath criteria: //*[@resource-id="android:id/text1" and @text="Economy"]</msg>
<status status="PASS" starttime="20231205 13:48:26.935" endtime="20231205 13:48:27.619"/>
</kw>
<status status="PASS" starttime="20231205 13:48:25.939" endtime="20231205 13:48:27.619"/>
</kw>
<kw name="Select Start Date" library="bookPage">
<kw name="Click Element" library="AppiumLibrary">
<arg>${start-date}</arg>
<doc>Click element identified by `locator`.</doc>
<msg timestamp="20231205 13:48:27.622" level="INFO">Clicking element '//*[@resource-id="com.example.myapplication:id/textStartDate"]'.</msg>
<msg timestamp="20231205 13:48:27.721" level="INFO">xpath criteria: //*[@resource-id="com.example.myapplication:id/textStartDate"]</msg>
<status status="PASS" starttime="20231205 13:48:27.620" endtime="20231205 13:48:27.721"/>
</kw>
<kw name="Wait Until Element Is Visible" library="AppiumLibrary">
<arg>${choose-start-date}</arg>
<doc>Waits until element specified with `locator` is visible.</doc>
<msg timestamp="20231205 13:48:28.492" level="INFO">xpath criteria: //*[@content-desc="01 August 2019"]
xpath criteria: //*[@content-desc="01 August 2019"]</msg>
<status status="PASS" starttime="20231205 13:48:27.721" endtime="20231205 13:48:28.492"/>
</kw>
<kw name="Click Element" library="AppiumLibrary">
<arg>${choose-start-date}</arg>
<doc>Click element identified by `locator`.</doc>
<msg timestamp="20231205 13:48:28.495" level="INFO">Clicking element '//*[@content-desc="01 August 2019"]'.</msg>
<msg timestamp="20231205 13:48:29.147" level="INFO">xpath criteria: //*[@content-desc="01 August 2019"]</msg>
<status status="PASS" starttime="20231205 13:48:28.492" endtime="20231205 13:48:29.147"/>
</kw>
<kw name="Click Element" library="AppiumLibrary">
<arg>${button-ok-date}</arg>
<doc>Click element identified by `locator`.</doc>
<msg timestamp="20231205 13:48:29.149" level="INFO">Clicking element '//*[@resource-id="android:id/button1"]'.</msg>
<msg timestamp="20231205 13:48:29.323" level="INFO">xpath criteria: //*[@resource-id="android:id/button1"]</msg>
<status status="PASS" starttime="20231205 13:48:29.147" endtime="20231205 13:48:29.324"/>
</kw>
<status status="PASS" starttime="20231205 13:48:27.620" endtime="20231205 13:48:29.324"/>
</kw>
<kw name="Select End Date" library="bookPage">
<kw name="Click Element" library="AppiumLibrary">
<arg>${end-date}</arg>
<doc>Click element identified by `locator`.</doc>
<msg timestamp="20231205 13:48:29.329" level="INFO">Clicking element '//*[@resource-id="com.example.myapplication:id/textEndDate"]'.</msg>
<msg timestamp="20231205 13:48:29.920" level="INFO">xpath criteria: //*[@resource-id="com.example.myapplication:id/textEndDate"]</msg>
<status status="PASS" starttime="20231205 13:48:29.325" endtime="20231205 13:48:29.920"/>
</kw>
<kw name="Wait Until Element Is Visible" library="AppiumLibrary">
<arg>${choose-end-date}</arg>
<doc>Waits until element specified with `locator` is visible.</doc>
<msg timestamp="20231205 13:48:30.611" level="INFO">xpath criteria: //*[@content-desc="02 August 2019"]
xpath criteria: //*[@content-desc="02 August 2019"]</msg>
<status status="PASS" starttime="20231205 13:48:29.920" endtime="20231205 13:48:30.612"/>
</kw>
<kw name="Click Element" library="AppiumLibrary">
<arg>${choose-end-date}</arg>
<doc>Click element identified by `locator`.</doc>
<msg timestamp="20231205 13:48:30.614" level="INFO">Clicking element '//*[@content-desc="02 August 2019"]'.</msg>
<msg timestamp="20231205 13:48:31.346" level="INFO">xpath criteria: //*[@content-desc="02 August 2019"]</msg>
<status status="PASS" starttime="20231205 13:48:30.612" endtime="20231205 13:48:31.346"/>
</kw>
<kw name="Click Element" library="AppiumLibrary">
<arg>${button-ok-date}</arg>
<doc>Click element identified by `locator`.</doc>
<msg timestamp="20231205 13:48:31.349" level="INFO">Clicking element '//*[@resource-id="android:id/button1"]'.</msg>
<msg timestamp="20231205 13:48:31.472" level="INFO">xpath criteria: //*[@resource-id="android:id/button1"]</msg>
<status status="PASS" starttime="20231205 13:48:31.346" endtime="20231205 13:48:31.472"/>
</kw>
<status status="PASS" starttime="20231205 13:48:29.324" endtime="20231205 13:48:31.472"/>
</kw>
<kw name="Select Radio Button Flight And Hotel" library="bookPage">
<kw name="Click Element" library="AppiumLibrary">
<arg>${radio-button-flightHotel}</arg>
<doc>Click element identified by `locator`.</doc>
<msg timestamp="20231205 13:48:31.479" level="INFO">Clicking element '//*[@resource-id="com.example.myapplication:id/radioButtonFlightHotel"]'.</msg>
<msg timestamp="20231205 13:48:32.074" level="INFO">xpath criteria: //*[@resource-id="com.example.myapplication:id/radioButtonFlightHotel"]</msg>
<status status="PASS" starttime="20231205 13:48:31.473" endtime="20231205 13:48:32.074"/>
</kw>
<status status="PASS" starttime="20231205 13:48:31.473" endtime="20231205 13:48:32.074"/>
</kw>
<kw name="Select Checkbox Day" library="bookPage">
<kw name="Click Element" library="AppiumLibrary">
<arg>${checkbox-day}</arg>
<doc>Click element identified by `locator`.</doc>
<msg timestamp="20231205 13:48:32.077" level="INFO">Clicking element '//*[@resource-id="com.example.myapplication:id/checkBoxDay"]'.</msg>
<msg timestamp="20231205 13:48:32.753" level="INFO">xpath criteria: //*[@resource-id="com.example.myapplication:id/checkBoxDay"]</msg>
<status status="PASS" starttime="20231205 13:48:32.075" endtime="20231205 13:48:32.753"/>
</kw>
<status status="PASS" starttime="20231205 13:48:32.074" endtime="20231205 13:48:32.753"/>
</kw>
<kw name="Click Button Book Flight" library="bookPage">
<kw name="Click Element" library="AppiumLibrary">
<arg>${button-book-flight}</arg>
<doc>Click element identified by `locator`.</doc>
<msg timestamp="20231205 13:48:32.759" level="INFO">Clicking element '//*[@resource-id="com.example.myapplication:id/book_flight"]'.</msg>
<msg timestamp="20231205 13:48:33.421" level="INFO">xpath criteria: //*[@resource-id="com.example.myapplication:id/book_flight"]</msg>
<status status="PASS" starttime="20231205 13:48:32.754" endtime="20231205 13:48:33.421"/>
</kw>
<status status="PASS" starttime="20231205 13:48:32.754" endtime="20231205 13:48:33.421"/>
</kw>
<kw name="Confirm Your Booking" library="bookPage">
<kw name="Wait Until Element Is Visible" library="AppiumLibrary">
<arg>${textview-click-price}</arg>
<doc>Waits until element specified with `locator` is visible.</doc>
<msg timestamp="20231205 13:48:34.101" level="INFO">xpath criteria: //*[@resource-id="com.example.myapplication:id/textView6"]
xpath criteria: //*[@resource-id="com.example.myapplication:id/textView6"]</msg>
<status status="PASS" starttime="20231205 13:48:33.422" endtime="20231205 13:48:34.101"/>
</kw>
<kw name="Click Element" library="AppiumLibrary">
<arg>${button-price-1}</arg>
<doc>Click element identified by `locator`.</doc>
<msg timestamp="20231205 13:48:34.104" level="INFO">Clicking element '//*[@resource-id="com.example.myapplication:id/price1"]'.</msg>
<msg timestamp="20231205 13:48:34.187" level="INFO">xpath criteria: //*[@resource-id="com.example.myapplication:id/price1"]</msg>
<status status="PASS" starttime="20231205 13:48:34.101" endtime="20231205 13:48:34.187"/>
</kw>
<kw name="Click Element" library="AppiumLibrary">
<arg>${button-confirm}</arg>
<doc>Click element identified by `locator`.</doc>
<msg timestamp="20231205 13:48:34.193" level="INFO">Clicking element '//*[@resource-id="com.example.myapplication:id/confirm_order"]'.</msg>
<msg timestamp="20231205 13:48:34.869" level="INFO">xpath criteria: //*[@resource-id="com.example.myapplication:id/confirm_order"]</msg>
<status status="PASS" starttime="20231205 13:48:34.187" endtime="20231205 13:48:34.869"/>
</kw>
<kw name="Wait Until Element Is Visible" library="AppiumLibrary">
<arg>${textview-flight-is-booked}</arg>
<doc>Waits until element specified with `locator` is visible.</doc>
<msg timestamp="20231205 13:48:35.630" level="INFO">xpath criteria: //*[@resource-id="com.example.myapplication:id/checkedTextView"]
xpath criteria: //*[@resource-id="com.example.myapplication:id/checkedTextView"]</msg>
<status status="PASS" starttime="20231205 13:48:34.869" endtime="20231205 13:48:35.630"/>
</kw>
<status status="PASS" starttime="20231205 13:48:33.422" endtime="20231205 13:48:35.630"/>
</kw>
<kw name="Close Application" library="AppiumLibrary">
<doc>Closes the current application and also close webdriver session.</doc>
<status status="PASS" starttime="20231205 13:48:35.631" endtime="20231205 13:48:36.233"/>
</kw>
<status status="PASS" starttime="20231205 13:48:10.893" endtime="20231205 13:48:36.234"/>
</test>
<test id="s1-t5" name="Book Flight And Hotel Valid On The Bar Tab Round Trip" line="80">
<kw name="Open Flight Application" library="base">
<kw name="Open Application" library="AppiumLibrary">
<arg>remote_url=${REMOTE_URL}</arg>
<arg>platformName=${PLATFORM_NAME}</arg>
<arg>platformVersion=${PLATFORM_VERSION}</arg>
<arg>deviceName=${DEVICE_NAME}</arg>
<arg>appPackage=${APP_PACKAGE}</arg>
<arg>appActivity=${APP_ACTIVITY}</arg>
<doc>Opens a new application to given Appium server.
Capabilities of appium server, Android and iOS,
Please check https://github.com/appium/appium/blob/master/docs/en/writing-running-appium/server-args.md
| *Option*            | *Man.* | *Description*     |
| remote_url          | Yes    | Appium server url |
| alias               | no     | alias             |
| strict_ssl          | No     | allows you to send commands to an invalid certificate host like a self-signed one. |</doc>
<status status="PASS" starttime="20231205 13:48:36.236" endtime="20231205 13:48:42.466"/>
</kw>
<status status="PASS" starttime="20231205 13:48:36.236" endtime="20231205 13:48:42.466"/>
</kw>
<kw name="Click Sign In Button On Home Page" library="homePage">
<kw name="Wait Until Element Is Visible" library="AppiumLibrary">
<arg>${log-in-button}</arg>
<doc>Waits until element specified with `locator` is visible.</doc>
<msg timestamp="20231205 13:48:43.403" level="INFO">xpath criteria: //*[@resource-id="com.example.myapplication:id/login"]</msg>
<status status="PASS" starttime="20231205 13:48:42.468" endtime="20231205 13:48:43.403"/>
</kw>
<kw name="Click Element" library="AppiumLibrary">
<arg>${log-in-button}</arg>
<doc>Click element identified by `locator`.</doc>
<msg timestamp="20231205 13:48:43.407" level="INFO">Clicking element '//*[@resource-id="com.example.myapplication:id/login"]'.</msg>
<msg timestamp="20231205 13:48:43.505" level="INFO">xpath criteria: //*[@resource-id="com.example.myapplication:id/login"]</msg>
<status status="PASS" starttime="20231205 13:48:43.404" endtime="20231205 13:48:43.505"/>
</kw>
<status status="PASS" starttime="20231205 13:48:42.467" endtime="20231205 13:48:43.505"/>
</kw>
<kw name="Input Username On Login Page" library="loginPage">
<arg>${VALID_USERNAME}</arg>
<kw name="Wait Until Element Is Visible" library="AppiumLibrary">
<arg>${username-input}</arg>
<doc>Waits until element specified with `locator` is visible.</doc>
<msg timestamp="20231205 13:48:44.258" level="INFO">xpath criteria: //*[@resource-id="com.example.myapplication:id/username"]
xpath criteria: //*[@resource-id="com.example.myapplication:id/username"]</msg>
<status status="PASS" starttime="20231205 13:48:43.507" endtime="20231205 13:48:44.258"/>
</kw>
<kw name="Input Text" library="AppiumLibrary">
<arg>${username-input}</arg>
<arg>${username}</arg>
<doc>Types the given `text` into text field identified by `locator`.</doc>
<msg timestamp="20231205 13:48:44.260" level="INFO">Typing text 'support@ngendigital.com' into text field '//*[@resource-id="com.example.myapplication:id/username"]'</msg>
<msg timestamp="20231205 13:48:44.339" level="INFO">xpath criteria: //*[@resource-id="com.example.myapplication:id/username"]</msg>
<status status="PASS" starttime="20231205 13:48:44.258" endtime="20231205 13:48:44.339"/>
</kw>
<status status="PASS" starttime="20231205 13:48:43.506" endtime="20231205 13:48:44.339"/>
</kw>
<kw name="Input Password On Login Page" library="loginPage">
<arg>${VALID_PASSWORD}</arg>
<kw name="Wait Until Element Is Visible" library="AppiumLibrary">
<arg>${password-input}</arg>
<doc>Waits until element specified with `locator` is visible.</doc>
<msg timestamp="20231205 13:48:44.886" level="INFO">xpath criteria: //*[@resource-id="com.example.myapplication:id/password"]</msg>
<status status="PASS" starttime="20231205 13:48:44.341" endtime="20231205 13:48:44.886"/>
</kw>
<kw name="Input Text" library="AppiumLibrary">
<arg>${password-input}</arg>
<arg>${pasword}</arg>
<doc>Types the given `text` into text field identified by `locator`.</doc>
<msg timestamp="20231205 13:48:44.890" level="INFO">Typing text 'abc123' into text field '//*[@resource-id="com.example.myapplication:id/password"]'</msg>
<msg timestamp="20231205 13:48:44.970" level="INFO">xpath criteria: //*[@resource-id="com.example.myapplication:id/password"]</msg>
<status status="PASS" starttime="20231205 13:48:44.886" endtime="20231205 13:48:44.971"/>
</kw>
<status status="PASS" starttime="20231205 13:48:44.340" endtime="20231205 13:48:44.971"/>
</kw>
<kw name="Click Sign In Button On Login Page" library="loginPage">
<kw name="Click Element" library="AppiumLibrary">
<arg>${sign-in-button}</arg>
<doc>Click element identified by `locator`.</doc>
<msg timestamp="20231205 13:48:44.975" level="INFO">Clicking element '//*[@resource-id="com.example.myapplication:id/signIn"]'.</msg>
<msg timestamp="20231205 13:48:45.540" level="INFO">xpath criteria: //*[@resource-id="com.example.myapplication:id/signIn"]</msg>
<status status="PASS" starttime="20231205 13:48:44.972" endtime="20231205 13:48:45.541"/>
</kw>
<status status="PASS" starttime="20231205 13:48:44.971" endtime="20231205 13:48:45.541"/>
</kw>
<kw name="Click Button Book" library="bookPage">
<kw name="Wait Until Element Is Visible" library="AppiumLibrary">
<arg>${home-page}</arg>
<doc>Waits until element specified with `locator` is visible.</doc>
<msg timestamp="20231205 13:48:46.319" level="INFO">xpath criteria: //*[@resource-id="com.example.myapplication:id/textView"]
xpath criteria: //*[@resource-id="com.example.myapplication:id/textView"]</msg>
<status status="PASS" starttime="20231205 13:48:45.542" endtime="20231205 13:48:46.320"/>
</kw>
<kw name="Click Element" library="AppiumLibrary">
<arg>${button-book}</arg>
<doc>Click element identified by `locator`.</doc>
<msg timestamp="20231205 13:48:46.322" level="INFO">Clicking element '//*[@resource-id="com.example.myapplication:id/book"]'.</msg>
<msg timestamp="20231205 13:48:46.402" level="INFO">xpath criteria: //*[@resource-id="com.example.myapplication:id/book"]</msg>
<status status="PASS" starttime="20231205 13:48:46.320" endtime="20231205 13:48:46.402"/>
</kw>
<status status="PASS" starttime="20231205 13:48:45.541" endtime="20231205 13:48:46.402"/>
</kw>
<kw name="Select Bar Tab Round Trip" library="bookPage">
<kw name="Wait Until Element Is Visible" library="AppiumLibrary">
<arg>${bar-tab-round-trip}</arg>
<doc>Waits until element specified with `locator` is visible.</doc>
<msg timestamp="20231205 13:48:47.329" level="INFO">xpath criteria: //*[@content-desc="Round Trip"]
xpath criteria: //*[@content-desc="Round Trip"]</msg>
<status status="PASS" starttime="20231205 13:48:46.403" endtime="20231205 13:48:47.329"/>
</kw>
<kw name="Click Element" library="AppiumLibrary">
<arg>${bar-tab-round-trip}</arg>
<doc>Click element identified by `locator`.</doc>
<msg timestamp="20231205 13:48:47.331" level="INFO">Clicking element '//*[@content-desc="Round Trip"]'.</msg>
<msg timestamp="20231205 13:48:47.417" level="INFO">xpath criteria: //*[@content-desc="Round Trip"]</msg>
<status status="PASS" starttime="20231205 13:48:47.329" endtime="20231205 13:48:47.417"/>
</kw>
<status status="PASS" starttime="20231205 13:48:46.403" endtime="20231205 13:48:47.418"/>
</kw>
<kw name="Select From City" library="bookPage">
<kw name="Wait Until Element Is Visible" library="AppiumLibrary">
<arg>${from-city}</arg>
<doc>Waits until element specified with `locator` is visible.</doc>
<msg timestamp="20231205 13:48:47.928" level="INFO">xpath criteria: //*[@resource-id="com.example.myapplication:id/spinnerFrom"]</msg>
<status status="PASS" starttime="20231205 13:48:47.419" endtime="20231205 13:48:47.928"/>
</kw>
<kw name="Click Element" library="AppiumLibrary">
<arg>${from-city}</arg>
<doc>Click element identified by `locator`.</doc>
<msg timestamp="20231205 13:48:47.931" level="INFO">Clicking element '//*[@resource-id="com.example.myapplication:id/spinnerFrom"]'.</msg>
<msg timestamp="20231205 13:48:48.022" level="INFO">xpath criteria: //*[@resource-id="com.example.myapplication:id/spinnerFrom"]</msg>
<status status="PASS" starttime="20231205 13:48:47.929" endtime="20231205 13:48:48.022"/>
</kw>
<kw name="Wait Until Element Is Visible" library="AppiumLibrary">
<arg>${from-city-1}</arg>
<doc>Waits until element specified with `locator` is visible.</doc>
<msg timestamp="20231205 13:48:48.924" level="INFO">xpath criteria: //*[@resource-id="android:id/text1" and @text="New York"]
xpath criteria: //*[@resource-id="android:id/text1" and @text="New York"]</msg>
<status status="PASS" starttime="20231205 13:48:48.022" endtime="20231205 13:48:48.924"/>
</kw>
<kw name="Click Element" library="AppiumLibrary">
<arg>${from-city-1}</arg>
<doc>Click element identified by `locator`.</doc>
<msg timestamp="20231205 13:48:48.928" level="INFO">Clicking element '//*[@resource-id="android:id/text1" and @text="New York"]'.</msg>
<msg timestamp="20231205 13:48:49.626" level="INFO">xpath criteria: //*[@resource-id="android:id/text1" and @text="New York"]</msg>
<status status="PASS" starttime="20231205 13:48:48.924" endtime="20231205 13:48:49.626"/>
</kw>
<status status="PASS" starttime="20231205 13:48:47.418" endtime="20231205 13:48:49.626"/>
</kw>
<kw name="Select To City" library="bookPage">
<kw name="Click Element" library="AppiumLibrary">
<arg>${to-city}</arg>
<doc>Click element identified by `locator`.</doc>
<msg timestamp="20231205 13:48:49.630" level="INFO">Clicking element '//*[@resource-id="com.example.myapplication:id/spinnerTo"]'.</msg>
<msg timestamp="20231205 13:48:49.721" level="INFO">xpath criteria: //*[@resource-id="com.example.myapplication:id/spinnerTo"]</msg>
<status status="PASS" starttime="20231205 13:48:49.627" endtime="20231205 13:48:49.721"/>
</kw>
<kw name="Wait Until Element Is Visible" library="AppiumLibrary">
<arg>${to-city-1}</arg>
<doc>Waits until element specified with `locator` is visible.</doc>
<msg timestamp="20231205 13:48:50.617" level="INFO">xpath criteria: //*[@resource-id="android:id/text1" and @text="London"]
xpath criteria: //*[@resource-id="android:id/text1" and @text="London"]</msg>
<status status="PASS" starttime="20231205 13:48:49.723" endtime="20231205 13:48:50.617"/>
</kw>
<kw name="Click Element" library="AppiumLibrary">
<arg>${to-city-1}</arg>
<doc>Click element identified by `locator`.</doc>
<msg timestamp="20231205 13:48:50.620" level="INFO">Clicking element '//*[@resource-id="android:id/text1" and @text="London"]'.</msg>
<msg timestamp="20231205 13:48:51.321" level="INFO">xpath criteria: //*[@resource-id="android:id/text1" and @text="London"]</msg>
<status status="PASS" starttime="20231205 13:48:50.617" endtime="20231205 13:48:51.321"/>
</kw>
[...]
<arg>appPackage=${APP_PACKAGE}</arg>
<arg>appActivity=${APP_ACTIVITY}</arg>
<doc>Opens a new application to given Appium server.
Capabilities of appium server, Android and iOS,
Please check https://github.com/appium/appium/blob/master/docs/en/writing-running-appium/server-args.md
| *Option*            | *Man.* | *Description*     |
| remote_url          | Yes    | Appium server url |
| alias               | no     | alias             |
| strict_ssl          | No     | allows you to send commands to an invalid certificate host like a self-signed one. |</doc>
<status status="PASS" starttime="20231205 13:49:26.002" endtime="20231205 13:49:32.842"/>
</kw>
<status status="PASS" starttime="20231205 13:49:26.002" endtime="20231205 13:49:32.842"/>
</kw>
<kw name="Click Sign In Button On Home Page" library="homePage">
<kw name="Wait Until Element Is Visible" library="AppiumLibrary">
<arg>${log-in-button}</arg>
<doc>Waits until element specified with `locator` is visible.</doc>
<msg timestamp="20231205 13:49:33.761" level="INFO">xpath criteria: //*[@resource-id="com.example.myapplication:id/login"]</msg>
<status status="PASS" starttime="20231205 13:49:32.843" endtime="20231205 13:49:33.762"/>
</kw>
<kw name="Click Element" library="AppiumLibrary">
<arg>${log-in-button}</arg>
<doc>Click element identified by `locator`.</doc>
<msg timestamp="20231205 13:49:33.765" level="INFO">Clicking element '//*[@resource-id="com.example.myapplication:id/login"]'.</msg>
<msg timestamp="20231205 13:49:33.872" level="INFO">xpath criteria: //*[@resource-id="com.example.myapplication:id/login"]</msg>
<status status="PASS" starttime="20231205 13:49:33.762" endtime="20231205 13:49:33.872"/>
</kw>
<status status="PASS" starttime="20231205 13:49:32.843" endtime="20231205 13:49:33.872"/>
</kw>
<kw name="Input Username On Login Page" library="loginPage">
<arg>${VALID_USERNAME}</arg>
<kw name="Wait Until Element Is Visible" library="AppiumLibrary">
<arg>${username-input}</arg>
<doc>Waits until element specified with `locator` is visible.</doc>
<msg timestamp="20231205 13:49:34.590" level="INFO">xpath criteria: //*[@resource-id="com.example.myapplication:id/username"]
xpath criteria: //*[@resource-id="com.example.myapplication:id/username"]</msg>
<status status="PASS" starttime="20231205 13:49:33.874" endtime="20231205 13:49:34.590"/>
</kw>
<kw name="Input Text" library="AppiumLibrary">
<arg>${username-input}</arg>
<arg>${username}</arg>
<doc>Types the given `text` into text field identified by `locator`.</doc>
<msg timestamp="20231205 13:49:34.593" level="INFO">Typing text 'support@ngendigital.com' into text field '//*[@resource-id="com.example.myapplication:id/username"]'</msg>
<msg timestamp="20231205 13:49:34.672" level="INFO">xpath criteria: //*[@resource-id="com.example.myapplication:id/username"]</msg>
<status status="PASS" starttime="20231205 13:49:34.590" endtime="20231205 13:49:34.672"/>
</kw>
<status status="PASS" starttime="20231205 13:49:33.873" endtime="20231205 13:49:34.672"/>
</kw>
<kw name="Input Password On Login Page" library="loginPage">
<arg>${VALID_PASSWORD}</arg>
<kw name="Wait Until Element Is Visible" library="AppiumLibrary">
<arg>${password-input}</arg>
<doc>Waits until element specified with `locator` is visible.</doc>
<msg timestamp="20231205 13:49:35.218" level="INFO">xpath criteria: //*[@resource-id="com.example.myapplication:id/password"]</msg>
<status status="PASS" starttime="20231205 13:49:34.673" endtime="20231205 13:49:35.218"/>
</kw>
<kw name="Input Text" library="AppiumLibrary">
<arg>${password-input}</arg>
<arg>${pasword}</arg>
<doc>Types the given `text` into text field identified by `locator`.</doc>
<msg timestamp="20231205 13:49:35.221" level="INFO">Typing text 'abc123' into text field '//*[@resource-id="com.example.myapplication:id/password"]'</msg>
<msg timestamp="20231205 13:49:35.279" level="INFO">xpath criteria: //*[@resource-id="com.example.myapplication:id/password"]</msg>
<status status="PASS" starttime="20231205 13:49:35.218" endtime="20231205 13:49:35.279"/>
</kw>
<status status="PASS" starttime="20231205 13:49:34.673" endtime="20231205 13:49:35.279"/>
</kw>
<kw name="Click Sign In Button On Login Page" library="loginPage">
<kw name="Click Element" library="AppiumLibrary">
<arg>${sign-in-button}</arg>
<doc>Click element identified by `locator`.</doc>
<msg timestamp="20231205 13:49:35.284" level="INFO">Clicking element '//*[@resource-id="com.example.myapplication:id/signIn"]'.</msg>
<msg timestamp="20231205 13:49:35.858" level="INFO">xpath criteria: //*[@resource-id="com.example.myapplication:id/signIn"]</msg>
<status status="PASS" starttime="20231205 13:49:35.280" endtime="20231205 13:49:35.859"/>
</kw>
<status status="PASS" starttime="20231205 13:49:35.280" endtime="20231205 13:49:35.859"/>
</kw>
<kw name="Click Button Book" library="bookPage">
<kw name="Wait Until Element Is Visible" library="AppiumLibrary">
<arg>${home-page}</arg>
<doc>Waits until element specified with `locator` is visible.</doc>
<msg timestamp="20231205 13:49:36.508" level="INFO">xpath criteria: //*[@resource-id="com.example.myapplication:id/textView"]
xpath criteria: //*[@resource-id="com.example.myapplication:id/textView"]</msg>
<status status="PASS" starttime="20231205 13:49:35.860" endtime="20231205 13:49:36.508"/>
</kw>
<kw name="Click Element" library="AppiumLibrary">
<arg>${button-book}</arg>
<doc>Click element identified by `locator`.</doc>
<msg timestamp="20231205 13:49:36.510" level="INFO">Clicking element '//*[@resource-id="com.example.myapplication:id/book"]'.</msg>
<msg timestamp="20231205 13:49:36.604" level="INFO">xpath criteria: //*[@resource-id="com.example.myapplication:id/book"]</msg>
<status status="PASS" starttime="20231205 13:49:36.508" endtime="20231205 13:49:36.605"/>
</kw>
<status status="PASS" starttime="20231205 13:49:35.859" endtime="20231205 13:49:36.605"/>
</kw>
<kw name="Select Bar Tab Round Trip" library="bookPage">
<kw name="Wait Until Element Is Visible" library="AppiumLibrary">
<arg>${bar-tab-round-trip}</arg>
<doc>Waits until element specified with `locator` is visible.</doc>
<msg timestamp="20231205 13:49:37.572" level="INFO">xpath criteria: //*[@content-desc="Round Trip"]
xpath criteria: //*[@content-desc="Round Trip"]</msg>
<status status="PASS" starttime="20231205 13:49:36.606" endtime="20231205 13:49:37.572"/>
</kw>
<kw name="Click Element" library="AppiumLibrary">
<arg>${bar-tab-round-trip}</arg>
<doc>Click element identified by `locator`.</doc>
<msg timestamp="20231205 13:49:37.575" level="INFO">Clicking element '//*[@content-desc="Round Trip"]'.</msg>
<msg timestamp="20231205 13:49:37.692" level="INFO">xpath criteria: //*[@content-desc="Round Trip"]</msg>
<status status="PASS" starttime="20231205 13:49:37.572" endtime="20231205 13:49:37.692"/>
</kw>
<status status="PASS" starttime="20231205 13:49:36.605" endtime="20231205 13:49:37.693"/>
</kw>
<kw name="Select From City" library="bookPage">
<kw name="Wait Until Element Is Visible" library="AppiumLibrary">
<arg>${from-city}</arg>
<doc>Waits until element specified with `locator` is visible.</doc>
<msg timestamp="20231205 13:49:38.248" level="INFO">xpath criteria: //*[@resource-id="com.example.myapplication:id/spinnerFrom"]</msg>
<status status="PASS" starttime="20231205 13:49:37.693" endtime="20231205 13:49:38.248"/>
</kw>
<kw name="Click Element" library="AppiumLibrary">
<arg>${from-city}</arg>
<doc>Click element identified by `locator`.</doc>
<msg timestamp="20231205 13:49:38.250" level="INFO">Clicking element '//*[@resource-id="com.example.myapplication:id/spinnerFrom"]'.</msg>
<msg timestamp="20231205 13:49:38.354" level="INFO">xpath criteria: //*[@resource-id="com.example.myapplication:id/spinnerFrom"]</msg>
<status status="PASS" starttime="20231205 13:49:38.248" endtime="20231205 13:49:38.354"/>
</kw>
<kw name="Wait Until Element Is Visible" library="AppiumLibrary">
<arg>${from-city-1}</arg>
<doc>Waits until element specified with `locator` is visible.</doc>
<msg timestamp="20231205 13:49:39.260" level="INFO">xpath criteria: //*[@resource-id="android:id/text1" and @text="New York"]
xpath criteria: //*[@resource-id="android:id/text1" and @text="New York"]</msg>
<status status="PASS" starttime="20231205 13:49:38.354" endtime="20231205 13:49:39.260"/>
</kw>
<kw name="Click Element" library="AppiumLibrary">
<arg>${from-city-1}</arg>
<doc>Click element identified by `locator`.</doc>
<msg timestamp="20231205 13:49:39.262" level="INFO">Clicking element '//*[@resource-id="android:id/text1" and @text="New York"]'.</msg>
<msg timestamp="20231205 13:49:39.952" level="INFO">xpath criteria: //*[@resource-id="android:id/text1" and @text="New York"]</msg>
<status status="PASS" starttime="20231205 13:49:39.260" endtime="20231205 13:49:39.952"/>
</kw>
<status status="PASS" starttime="20231205 13:49:37.693" endtime="20231205 13:49:39.952"/>
</kw>
<kw name="Select To City" library="bookPage">
<kw name="Click Element" library="AppiumLibrary">
<arg>${to-city}</arg>
<doc>Click element identified by `locator`.</doc>
<msg timestamp="20231205 13:49:39.955" level="INFO">Clicking element '//*[@resource-id="com.example.myapplication:id/spinnerTo"]'.</msg>
<msg timestamp="20231205 13:49:40.051" level="INFO">xpath criteria: //*[@resource-id="com.example.myapplication:id/spinnerTo"]</msg>
<status status="PASS" starttime="20231205 13:49:39.953" endtime="20231205 13:49:40.051"/>
</kw>
<kw name="Wait Until Element Is Visible" library="AppiumLibrary">
<arg>${to-city-1}</arg>
<doc>Waits until element specified with `locator` is visible.</doc>
<msg timestamp="20231205 13:49:40.952" level="INFO">xpath criteria: //*[@resource-id="android:id/text1" and @text="London"]
xpath criteria: //*[@resource-id="android:id/text1" and @text="London"]</msg>
<status status="PASS" starttime="20231205 13:49:40.051" endtime="20231205 13:49:40.952"/>
</kw>
<kw name="Click Element" library="AppiumLibrary">
<arg>${to-city-1}</arg>
<doc>Click element identified by `locator`.</doc>
<msg timestamp="20231205 13:49:40.955" level="INFO">Clicking element '//*[@resource-id="android:id/text1" and @text="London"]'.</msg>
<msg timestamp="20231205 13:49:41.643" level="INFO">xpath criteria: //*[@resource-id="android:id/text1" and @text="London"]</msg>
<status status="PASS" starttime="20231205 13:49:40.952" endtime="20231205 13:49:41.643"/>
</kw>
<status status="PASS" starttime="20231205 13:49:39.953" endtime="20231205 13:49:41.643"/>
</kw>
<kw name="Select Class" library="bookPage">
<kw name="Click Element" library="AppiumLibrary">
<arg>${class}</arg>
<doc>Click element identified by `locator`.</doc>
<msg timestamp="20231205 13:49:41.647" level="INFO">Clicking element '//*[@resource-id="com.example.myapplication:id/spinnerClass"]'.</msg>
<msg timestamp="20231205 13:49:41.736" level="INFO">xpath criteria: //*[@resource-id="com.example.myapplication:id/spinnerClass"]</msg>
<status status="PASS" starttime="20231205 13:49:41.644" endtime="20231205 13:49:41.737"/>
</kw>
<kw name="Wait Until Element Is Visible" library="AppiumLibrary">
<arg>${class-1}</arg>
<doc>Waits until element specified with `locator` is visible.</doc>
<msg timestamp="20231205 13:49:42.624" level="INFO">xpath criteria: //*[@resource-id="android:id/text1" and @text="Economy"]
xpath criteria: //*[@resource-id="android:id/text1" and @text="Economy"]</msg>
<status status="PASS" starttime="20231205 13:49:41.737" endtime="20231205 13:49:42.624"/>
</kw>
<kw name="Click Element" library="AppiumLibrary">
<arg>${class-1}</arg>
<doc>Click element identified by `locator`.</doc>
<msg timestamp="20231205 13:49:42.626" level="INFO">Clicking element '//*[@resource-id="android:id/text1" and @text="Economy"]'.</msg>
<msg timestamp="20231205 13:49:43.320" level="INFO">xpath criteria: //*[@resource-id="android:id/text1" and @text="Economy"]</msg>
<status status="PASS" starttime="20231205 13:49:42.624" endtime="20231205 13:49:43.320"/>
</kw>
<status status="PASS" starttime="20231205 13:49:41.644" endtime="20231205 13:49:43.320"/>
</kw>
<kw name="Select Start Date" library="bookPage">
<kw name="Click Element" library="AppiumLibrary">
<arg>${start-date}</arg>
<doc>Click element identified by `locator`.</doc>
<msg timestamp="20231205 13:49:43.324" level="INFO">Clicking element '//*[@resource-id="com.example.myapplication:id/textStartDate"]'.</msg>
<msg timestamp="20231205 13:49:43.421" level="INFO">xpath criteria: //*[@resource-id="com.example.myapplication:id/textStartDate"]</msg>
<status status="PASS" starttime="20231205 13:49:43.321" endtime="20231205 13:49:43.421"/>
</kw>
<kw name="Wait Until Element Is Visible" library="AppiumLibrary">
<arg>${choose-start-date}</arg>
<doc>Waits until element specified with `locator` is visible.</doc>
<msg timestamp="20231205 13:49:44.161" level="INFO">xpath criteria: //*[@content-desc="01 August 2019"]
xpath criteria: //*[@content-desc="01 August 2019"]</msg>
<status status="PASS" starttime="20231205 13:49:43.421" endtime="20231205 13:49:44.161"/>
</kw>
<kw name="Click Element" library="AppiumLibrary">
<arg>${choose-start-date}</arg>
<doc>Click element identified by `locator`.</doc>
<msg timestamp="20231205 13:49:44.165" level="INFO">Clicking element '//*[@content-desc="01 August 2019"]'.</msg>
<msg timestamp="20231205 13:49:44.777" level="INFO">xpath criteria: //*[@content-desc="01 August 2019"]</msg>
<status status="PASS" starttime="20231205 13:49:44.161" endtime="20231205 13:49:44.777"/>
</kw>
<kw name="Click Element" library="AppiumLibrary">
<arg>${button-ok-date}</arg>
<doc>Click element identified by `locator`.</doc>
<msg timestamp="20231205 13:49:44.780" level="INFO">Clicking element '//*[@resource-id="android:id/button1"]'.</msg>
<msg timestamp="20231205 13:49:44.904" level="INFO">xpath criteria: //*[@resource-id="android:id/button1"]</msg>
<status status="PASS" starttime="20231205 13:49:44.778" endtime="20231205 13:49:44.905"/>
</kw>
<status status="PASS" starttime="20231205 13:49:43.321" endtime="20231205 13:49:44.905"/>
</kw>
<kw name="Select an End Date that is more than 1 day" library="bookPage">
<kw name="Click Element" library="AppiumLibrary">
<arg>${end-date}</arg>
<doc>Click element identified by `locator`.</doc>
<msg timestamp="20231205 13:49:44.912" level="INFO">Clicking element '//*[@resource-id="com.example.myapplication:id/textEndDate"]'.</msg>
<msg timestamp="20231205 13:49:45.502" level="INFO">xpath criteria: //*[@resource-id="com.example.myapplication:id/textEndDate"]</msg>
<status status="PASS" starttime="20231205 13:49:44.906" endtime="20231205 13:49:45.502"/>
</kw>
<kw name="Wait Until Element Is Visible" library="AppiumLibrary">
<arg>${choose-end-date-2}</arg>
<doc>Waits until element specified with `locator` is visible.</doc>
<msg timestamp="20231205 13:49:46.212" level="INFO">xpath criteria: //*[@content-desc="05 August 2019"]
xpath criteria: //*[@content-desc="05 August 2019"]</msg>
<status status="PASS" starttime="20231205 13:49:45.503" endtime="20231205 13:49:46.212"/>
</kw>
<kw name="Click Element" library="AppiumLibrary">
<arg>${choose-end-date-2}</arg>
<doc>Click element identified by `locator`.</doc>
<msg timestamp="20231205 13:49:46.214" level="INFO">Clicking element '//*[@content-desc="05 August 2019"]'.</msg>
<msg timestamp="20231205 13:49:46.947" level="INFO">xpath criteria: //*[@content-desc="05 August 2019"]</msg>
<status status="PASS" starttime="20231205 13:49:46.212" endtime="20231205 13:49:46.947"/>
</kw>
<kw name="Click Element" library="AppiumLibrary">
<arg>${button-ok-date}</arg>
<doc>Click element identified by `locator`.</doc>
<msg timestamp="20231205 13:49:46.950" level="INFO">Clicking element '//*[@resource-id="android:id/button1"]'.</msg>
<msg timestamp="20231205 13:49:47.072" level="INFO">xpath criteria: //*[@resource-id="android:id/button1"]</msg>
<status status="PASS" starttime="20231205 13:49:46.947" endtime="20231205 13:49:47.073"/>
</kw>
<status status="PASS" starttime="20231205 13:49:44.905" endtime="20231205 13:49:47.073"/>
</kw>
<kw name="Select Radio Button Flight" library="bookPage">
<kw name="Click Element" library="AppiumLibrary">
<arg>${radio-button-flight}</arg>
<doc>Click element identified by `locator`.</doc>
<msg timestamp="20231205 13:49:47.080" level="INFO">Clicking element '//*[@resource-id="com.example.myapplication:id/radioButtonFlight"]'.</msg>
<msg timestamp="20231205 13:49:47.672" level="INFO">xpath criteria: //*[@resource-id="com.example.myapplication:id/radioButtonFlight"]</msg>
<status status="PASS" starttime="20231205 13:49:47.074" endtime="20231205 13:49:47.672"/>
</kw>
<status status="PASS" starttime="20231205 13:49:47.073" endtime="20231205 13:49:47.672"/>
</kw>
<kw name="Click Button Book Flight" library="bookPage">
<kw name="Click Element" library="AppiumLibrary">
<arg>${button-book-flight}</arg>
<doc>Click element identified by `locator`.</doc>
<msg timestamp="20231205 13:49:47.679" level="INFO">Clicking element '//*[@resource-id="com.example.myapplication:id/book_flight"]'.</msg>
<msg timestamp="20231205 13:49:48.354" level="INFO">xpath criteria: //*[@resource-id="com.example.myapplication:id/book_flight"]</msg>
<status status="PASS" starttime="20231205 13:49:47.673" endtime="20231205 13:49:48.354"/>
</kw>
<status status="PASS" starttime="20231205 13:49:47.673" endtime="20231205 13:49:48.354"/>
</kw>
<kw name="Confirm Your Booking" library="bookPage">
<kw name="Wait Until Element Is Visible" library="AppiumLibrary">
<arg>${textview-click-price}</arg>
<doc>Waits until element specified with `locator` is visible.</doc>
<msg timestamp="20231205 13:49:49.014" level="INFO">xpath criteria: //*[@resource-id="com.example.myapplication:id/textView6"]</msg>
<status status="PASS" starttime="20231205 13:49:48.355" endtime="20231205 13:49:49.015"/>
</kw>
<kw name="Click Element" library="AppiumLibrary">
<arg>${button-price-1}</arg>
<doc>Click element identified by `locator`.</doc>
<msg timestamp="20231205 13:49:49.016" level="INFO">Clicking element '//*[@resource-id="com.example.myapplication:id/price1"]'.</msg>
<msg timestamp="20231205 13:49:49.096" level="INFO">xpath criteria: //*[@resource-id="com.example.myapplication:id/price1"]</msg>
<status status="PASS" starttime="20231205 13:49:49.015" endtime="20231205 13:49:49.096"/>
</kw>
<kw name="Click Element" library="AppiumLibrary">
<arg>${button-confirm}</arg>
<doc>Click element identified by `locator`.</doc>
<msg timestamp="20231205 13:49:49.104" level="INFO">Clicking element '//*[@resource-id="com.example.myapplication:id/confirm_order"]'.</msg>
<msg timestamp="20231205 13:49:49.768" level="INFO">xpath criteria: //*[@resource-id="com.example.myapplication:id/confirm_order"]</msg>
<status status="PASS" starttime="20231205 13:49:49.096" endtime="20231205 13:49:49.768"/>
</kw>
<kw name="Wait Until Element Is Visible" library="AppiumLibrary">
<arg>${textview-flight-is-booked}</arg>
<doc>Waits until element specified with `locator` is visible.</doc>
<msg timestamp="20231205 13:49:50.385" level="INFO">xpath criteria: //*[@resource-id="com.example.myapplication:id/checkedTextView"]
xpath criteria: //*[@resource-id="com.example.myapplication:id/checkedTextView"]</msg>
<status status="PASS" starttime="20231205 13:49:49.768" endtime="20231205 13:49:50.385"/>
</kw>
<status status="PASS" starttime="20231205 13:49:48.354" endtime="20231205 13:49:50.385"/>
</kw>
<kw name="Close Application" library="AppiumLibrary">
<doc>Closes the current application and also close webdriver session.</doc>
<status status="PASS" starttime="20231205 13:49:50.385" endtime="20231205 13:49:50.833"/>
</kw>
<status status="PASS" starttime="20231205 13:49:26.001" endtime="20231205 13:49:50.833"/>
</test>
<status status="PASS" starttime="20231205 13:47:09.130" endtime="20231205 13:49:50.835"/>
</suite>
<statistics>
<total>
<stat pass="7" fail="0" skip="0">All Tests</stat>
</total>
<tag>
</tag>
<suite>
<stat pass="7" fail="0" skip="0" id="s1" name="bookSuites">bookSuites</stat>
</suite>
</statistics>
<errors>
</errors>
</robot>
